{"C:\\Users\\pasan\\Desktop\\spareHubLk\\backend\\middleware\\auth.js": {"path":"C:\\Users\\pasan\\Desktop\\spareHubLk\\backend\\middleware\\auth.js","statementMap":{"0":{"start":{"line":1,"column":12},"end":{"line":1,"column":35}},"1":{"start":{"line":2,"column":13},"end":{"line":2,"column":38}},"2":{"start":{"line":4,"column":20},"end":{"line":35,"column":1}},"3":{"start":{"line":5,"column":23},"end":{"line":5,"column":51}},"4":{"start":{"line":6,"column":18},"end":{"line":6,"column":56}},"5":{"start":{"line":8,"column":4},"end":{"line":10,"column":5}},"6":{"start":{"line":9,"column":8},"end":{"line":9,"column":86}},"7":{"start":{"line":12,"column":4},"end":{"line":34,"column":5}},"8":{"start":{"line":13,"column":24},"end":{"line":13,"column":65}},"9":{"start":{"line":16,"column":21},"end":{"line":16,"column":76}},"10":{"start":{"line":17,"column":8},"end":{"line":19,"column":9}},"11":{"start":{"line":18,"column":12},"end":{"line":18,"column":100}},"12":{"start":{"line":22,"column":8},"end":{"line":30,"column":10}},"13":{"start":{"line":31,"column":8},"end":{"line":31,"column":15}},"14":{"start":{"line":33,"column":8},"end":{"line":33,"column":71}},"15":{"start":{"line":37,"column":0},"end":{"line":37,"column":33}}},"fnMap":{"0":{"name":"(anonymous_0)","decl":{"start":{"line":4,"column":20},"end":{"line":4,"column":21}},"loc":{"start":{"line":4,"column":46},"end":{"line":35,"column":1}},"line":4}},"branchMap":{"0":{"loc":{"start":{"line":6,"column":18},"end":{"line":6,"column":56}},"type":"binary-expr","locations":[{"start":{"line":6,"column":18},"end":{"line":6,"column":28}},{"start":{"line":6,"column":32},"end":{"line":6,"column":56}}],"line":6},"1":{"loc":{"start":{"line":8,"column":4},"end":{"line":10,"column":5}},"type":"if","locations":[{"start":{"line":8,"column":4},"end":{"line":10,"column":5}},{"start":{},"end":{}}],"line":8},"2":{"loc":{"start":{"line":17,"column":8},"end":{"line":19,"column":9}},"type":"if","locations":[{"start":{"line":17,"column":8},"end":{"line":19,"column":9}},{"start":{},"end":{}}],"line":17}},"s":{"0":5,"1":5,"2":5,"3":50,"4":50,"5":50,"6":3,"7":47,"8":47,"9":44,"10":44,"11":1,"12":43,"13":43,"14":3,"15":5},"f":{"0":50},"b":{"0":[50,47],"1":[3,47],"2":[1,43]},"_coverageSchema":"1a1c01bbd47fc00a2c39e90264f33305004495a9","hash":"27d3734ad50c2e0e60d345fa7eae33ad7f8e57a1"}
,"C:\\Users\\pasan\\Desktop\\spareHubLk\\backend\\models\\FeaturedSeller.js": {"path":"C:\\Users\\pasan\\Desktop\\spareHubLk\\backend\\models\\FeaturedSeller.js","statementMap":{"0":{"start":{"line":1,"column":17},"end":{"line":1,"column":36}},"1":{"start":{"line":3,"column":29},"end":{"line":13,"column":24}},"2":{"start":{"line":16,"column":0},"end":{"line":16,"column":62}},"3":{"start":{"line":18,"column":0},"end":{"line":18,"column":72}}},"fnMap":{},"branchMap":{},"s":{"0":5,"1":5,"2":5,"3":5},"f":{},"b":{},"_coverageSchema":"1a1c01bbd47fc00a2c39e90264f33305004495a9","hash":"691c43c5d506a79e36290f71475f526de2de50fb"}
,"C:\\Users\\pasan\\Desktop\\spareHubLk\\backend\\models\\PlatformFeedback.js": {"path":"C:\\Users\\pasan\\Desktop\\spareHubLk\\backend\\models\\PlatformFeedback.js","statementMap":{"0":{"start":{"line":1,"column":17},"end":{"line":1,"column":36}},"1":{"start":{"line":3,"column":31},"end":{"line":34,"column":24}},"2":{"start":{"line":37,"column":0},"end":{"line":37,"column":60}},"3":{"start":{"line":39,"column":0},"end":{"line":39,"column":76}}},"fnMap":{},"branchMap":{},"s":{"0":5,"1":5,"2":5,"3":5},"f":{},"b":{},"_coverageSchema":"1a1c01bbd47fc00a2c39e90264f33305004495a9","hash":"e78f2f944fdfe22bff972ab1ada0061a2fc122bf"}
,"C:\\Users\\pasan\\Desktop\\spareHubLk\\backend\\models\\PremiumUser.js": {"path":"C:\\Users\\pasan\\Desktop\\spareHubLk\\backend\\models\\PremiumUser.js","statementMap":{"0":{"start":{"line":1,"column":17},"end":{"line":1,"column":36}},"1":{"start":{"line":3,"column":26},"end":{"line":57,"column":24}},"2":{"start":{"line":59,"column":0},"end":{"line":59,"column":66}}},"fnMap":{},"branchMap":{},"s":{"0":5,"1":5,"2":5},"f":{},"b":{},"_coverageSchema":"1a1c01bbd47fc00a2c39e90264f33305004495a9","hash":"afb70fd52a57ec809908658a135f5115d9d67984"}
,"C:\\Users\\pasan\\Desktop\\spareHubLk\\backend\\models\\Product.js": {"path":"C:\\Users\\pasan\\Desktop\\spareHubLk\\backend\\models\\Product.js","statementMap":{"0":{"start":{"line":1,"column":17},"end":{"line":1,"column":36}},"1":{"start":{"line":3,"column":22},"end":{"line":30,"column":24}},"2":{"start":{"line":32,"column":0},"end":{"line":32,"column":58}}},"fnMap":{},"branchMap":{},"s":{"0":5,"1":5,"2":5},"f":{},"b":{},"_coverageSchema":"1a1c01bbd47fc00a2c39e90264f33305004495a9","hash":"e4bfc0e73e235087334bbe3760a1b08d96da8828"}
,"C:\\Users\\pasan\\Desktop\\spareHubLk\\backend\\models\\Review.js": {"path":"C:\\Users\\pasan\\Desktop\\spareHubLk\\backend\\models\\Review.js","statementMap":{"0":{"start":{"line":1,"column":17},"end":{"line":1,"column":36}},"1":{"start":{"line":3,"column":21},"end":{"line":30,"column":24}},"2":{"start":{"line":33,"column":0},"end":{"line":33,"column":62}},"3":{"start":{"line":35,"column":0},"end":{"line":35,"column":56}}},"fnMap":{},"branchMap":{},"s":{"0":5,"1":5,"2":5,"3":5},"f":{},"b":{},"_coverageSchema":"1a1c01bbd47fc00a2c39e90264f33305004495a9","hash":"6366b820e0b94c35782c5cf0b1340d9bbc9da359"}
,"C:\\Users\\pasan\\Desktop\\spareHubLk\\backend\\models\\SellerReview.js": {"path":"C:\\Users\\pasan\\Desktop\\spareHubLk\\backend\\models\\SellerReview.js","statementMap":{"0":{"start":{"line":1,"column":17},"end":{"line":1,"column":36}},"1":{"start":{"line":3,"column":27},"end":{"line":34,"column":24}},"2":{"start":{"line":37,"column":0},"end":{"line":37,"column":71}},"3":{"start":{"line":39,"column":0},"end":{"line":39,"column":68}}},"fnMap":{},"branchMap":{},"s":{"0":5,"1":5,"2":5,"3":5},"f":{},"b":{},"_coverageSchema":"1a1c01bbd47fc00a2c39e90264f33305004495a9","hash":"4d523c5635ce2b32a23f20532c24c885a8e8b326"}
,"C:\\Users\\pasan\\Desktop\\spareHubLk\\backend\\models\\User.js": {"path":"C:\\Users\\pasan\\Desktop\\spareHubLk\\backend\\models\\User.js","statementMap":{"0":{"start":{"line":1,"column":17},"end":{"line":1,"column":36}},"1":{"start":{"line":3,"column":19},"end":{"line":86,"column":24}},"2":{"start":{"line":88,"column":0},"end":{"line":88,"column":52}}},"fnMap":{},"branchMap":{},"s":{"0":5,"1":5,"2":5},"f":{},"b":{},"_coverageSchema":"1a1c01bbd47fc00a2c39e90264f33305004495a9","hash":"94275ab2fa0a676cca97d006b349d8ff3b59ad83"}
,"C:\\Users\\pasan\\Desktop\\spareHubLk\\backend\\routes\\auth.js": {"path":"C:\\Users\\pasan\\Desktop\\spareHubLk\\backend\\routes\\auth.js","statementMap":{"0":{"start":{"line":1,"column":16},"end":{"line":1,"column":34}},"1":{"start":{"line":2,"column":15},"end":{"line":2,"column":34}},"2":{"start":{"line":3,"column":12},"end":{"line":3,"column":35}},"3":{"start":{"line":4,"column":15},"end":{"line":4,"column":32}},"4":{"start":{"line":5,"column":13},"end":{"line":5,"column":38}},"5":{"start":{"line":6,"column":23},"end":{"line":6,"column":58}},"6":{"start":{"line":7,"column":24},"end":{"line":7,"column":53}},"7":{"start":{"line":9,"column":15},"end":{"line":9,"column":31}},"8":{"start":{"line":12,"column":15},"end":{"line":19,"column":2}},"9":{"start":{"line":16,"column":8},"end":{"line":17,"column":60}},"10":{"start":{"line":16,"column":48},"end":{"line":16,"column":63}},"11":{"start":{"line":17,"column":13},"end":{"line":17,"column":60}},"12":{"start":{"line":22,"column":22},"end":{"line":28,"column":1}},"13":{"start":{"line":23,"column":4},"end":{"line":27,"column":6}},"14":{"start":{"line":31,"column":0},"end":{"line":80,"column":3}},"15":{"start":{"line":32,"column":4},"end":{"line":79,"column":5}},"16":{"start":{"line":33,"column":59},"end":{"line":33,"column":67}},"17":{"start":{"line":35,"column":8},"end":{"line":37,"column":9}},"18":{"start":{"line":36,"column":12},"end":{"line":36,"column":103}},"19":{"start":{"line":40,"column":29},"end":{"line":40,"column":79}},"20":{"start":{"line":41,"column":8},"end":{"line":43,"column":9}},"21":{"start":{"line":42,"column":12},"end":{"line":42,"column":85}},"22":{"start":{"line":46,"column":21},"end":{"line":46,"column":45}},"23":{"start":{"line":47,"column":29},"end":{"line":47,"column":62}},"24":{"start":{"line":49,"column":24},"end":{"line":55,"column":10}},"25":{"start":{"line":57,"column":8},"end":{"line":57,"column":29}},"26":{"start":{"line":59,"column":22},"end":{"line":59,"column":44}},"27":{"start":{"line":61,"column":8},"end":{"line":75,"column":11}},"28":{"start":{"line":77,"column":8},"end":{"line":77,"column":46}},"29":{"start":{"line":78,"column":8},"end":{"line":78,"column":79}},"30":{"start":{"line":83,"column":0},"end":{"line":132,"column":3}},"31":{"start":{"line":84,"column":4},"end":{"line":131,"column":5}},"32":{"start":{"line":85,"column":46},"end":{"line":85,"column":54}},"33":{"start":{"line":87,"column":8},"end":{"line":89,"column":9}},"34":{"start":{"line":88,"column":12},"end":{"line":88,"column":101}},"35":{"start":{"line":91,"column":24},"end":{"line":91,"column":53}},"36":{"start":{"line":92,"column":22},"end":{"line":94,"column":39}},"37":{"start":{"line":96,"column":21},"end":{"line":96,"column":46}},"38":{"start":{"line":97,"column":8},"end":{"line":99,"column":9}},"39":{"start":{"line":98,"column":12},"end":{"line":98,"column":92}},"40":{"start":{"line":101,"column":24},"end":{"line":101,"column":73}},"41":{"start":{"line":102,"column":8},"end":{"line":104,"column":9}},"42":{"start":{"line":103,"column":12},"end":{"line":103,"column":92}},"43":{"start":{"line":106,"column":22},"end":{"line":106,"column":41}},"44":{"start":{"line":108,"column":8},"end":{"line":127,"column":11}},"45":{"start":{"line":129,"column":8},"end":{"line":129,"column":43}},"46":{"start":{"line":130,"column":8},"end":{"line":130,"column":72}},"47":{"start":{"line":135,"column":0},"end":{"line":145,"column":3}},"48":{"start":{"line":136,"column":4},"end":{"line":144,"column":5}},"49":{"start":{"line":137,"column":21},"end":{"line":137,"column":77}},"50":{"start":{"line":138,"column":8},"end":{"line":140,"column":9}},"51":{"start":{"line":139,"column":12},"end":{"line":139,"column":72}},"52":{"start":{"line":141,"column":8},"end":{"line":141,"column":23}},"53":{"start":{"line":143,"column":8},"end":{"line":143,"column":59}},"54":{"start":{"line":148,"column":0},"end":{"line":190,"column":3}},"55":{"start":{"line":149,"column":4},"end":{"line":189,"column":5}},"56":{"start":{"line":150,"column":62},"end":{"line":150,"column":70}},"57":{"start":{"line":152,"column":29},"end":{"line":152,"column":31}},"58":{"start":{"line":153,"column":8},"end":{"line":153,"column":57}},"59":{"start":{"line":153,"column":32},"end":{"line":153,"column":57}},"60":{"start":{"line":154,"column":8},"end":{"line":154,"column":60}},"61":{"start":{"line":154,"column":33},"end":{"line":154,"column":60}},"62":{"start":{"line":155,"column":8},"end":{"line":155,"column":69}},"63":{"start":{"line":155,"column":36},"end":{"line":155,"column":69}},"64":{"start":{"line":156,"column":8},"end":{"line":156,"column":81}},"65":{"start":{"line":156,"column":40},"end":{"line":156,"column":81}},"66":{"start":{"line":157,"column":8},"end":{"line":157,"column":57}},"67":{"start":{"line":157,"column":32},"end":{"line":157,"column":57}},"68":{"start":{"line":159,"column":21},"end":{"line":163,"column":33}},"69":{"start":{"line":165,"column":8},"end":{"line":167,"column":9}},"70":{"start":{"line":166,"column":12},"end":{"line":166,"column":72}},"71":{"start":{"line":169,"column":8},"end":{"line":185,"column":11}},"72":{"start":{"line":187,"column":8},"end":{"line":187,"column":52}},"73":{"start":{"line":188,"column":8},"end":{"line":188,"column":81}},"74":{"start":{"line":193,"column":0},"end":{"line":228,"column":3}},"75":{"start":{"line":194,"column":4},"end":{"line":227,"column":5}},"76":{"start":{"line":195,"column":8},"end":{"line":197,"column":9}},"77":{"start":{"line":196,"column":12},"end":{"line":196,"column":80}},"78":{"start":{"line":200,"column":23},"end":{"line":200,"column":57}},"79":{"start":{"line":201,"column":24},"end":{"line":201,"column":68}},"80":{"start":{"line":203,"column":21},"end":{"line":207,"column":33}},"81":{"start":{"line":209,"column":8},"end":{"line":209,"column":79}},"82":{"start":{"line":209,"column":19},"end":{"line":209,"column":79}},"83":{"start":{"line":211,"column":8},"end":{"line":223,"column":11}},"84":{"start":{"line":225,"column":8},"end":{"line":225,"column":51}},"85":{"start":{"line":226,"column":8},"end":{"line":226,"column":95}},"86":{"start":{"line":231,"column":0},"end":{"line":256,"column":3}},"87":{"start":{"line":232,"column":4},"end":{"line":255,"column":5}},"88":{"start":{"line":233,"column":8},"end":{"line":235,"column":9}},"89":{"start":{"line":234,"column":12},"end":{"line":234,"column":82}},"90":{"start":{"line":237,"column":23},"end":{"line":237,"column":57}},"91":{"start":{"line":238,"column":24},"end":{"line":238,"column":68}},"92":{"start":{"line":240,"column":21},"end":{"line":244,"column":33}},"93":{"start":{"line":246,"column":8},"end":{"line":246,"column":79}},"94":{"start":{"line":246,"column":19},"end":{"line":246,"column":79}},"95":{"start":{"line":248,"column":8},"end":{"line":251,"column":11}},"96":{"start":{"line":253,"column":8},"end":{"line":253,"column":51}},"97":{"start":{"line":254,"column":8},"end":{"line":254,"column":95}},"98":{"start":{"line":259,"column":0},"end":{"line":284,"column":3}},"99":{"start":{"line":260,"column":4},"end":{"line":283,"column":5}},"100":{"start":{"line":261,"column":8},"end":{"line":263,"column":9}},"101":{"start":{"line":262,"column":12},"end":{"line":262,"column":87}},"102":{"start":{"line":265,"column":23},"end":{"line":265,"column":57}},"103":{"start":{"line":266,"column":24},"end":{"line":266,"column":68}},"104":{"start":{"line":268,"column":21},"end":{"line":272,"column":33}},"105":{"start":{"line":274,"column":8},"end":{"line":274,"column":79}},"106":{"start":{"line":274,"column":19},"end":{"line":274,"column":79}},"107":{"start":{"line":276,"column":8},"end":{"line":279,"column":11}},"108":{"start":{"line":281,"column":8},"end":{"line":281,"column":56}},"109":{"start":{"line":282,"column":8},"end":{"line":282,"column":100}},"110":{"start":{"line":287,"column":0},"end":{"line":298,"column":3}},"111":{"start":{"line":288,"column":4},"end":{"line":297,"column":5}},"112":{"start":{"line":289,"column":8},"end":{"line":291,"column":9}},"113":{"start":{"line":290,"column":12},"end":{"line":290,"column":79}},"114":{"start":{"line":292,"column":22},"end":{"line":292,"column":87}},"115":{"start":{"line":293,"column":8},"end":{"line":293,"column":24}},"116":{"start":{"line":295,"column":8},"end":{"line":295,"column":47}},"117":{"start":{"line":296,"column":8},"end":{"line":296,"column":74}},"118":{"start":{"line":301,"column":0},"end":{"line":319,"column":3}},"119":{"start":{"line":302,"column":4},"end":{"line":318,"column":5}},"120":{"start":{"line":303,"column":8},"end":{"line":305,"column":9}},"121":{"start":{"line":304,"column":12},"end":{"line":304,"column":79}},"122":{"start":{"line":306,"column":21},"end":{"line":306,"column":64}},"123":{"start":{"line":307,"column":8},"end":{"line":309,"column":9}},"124":{"start":{"line":308,"column":12},"end":{"line":308,"column":72}},"125":{"start":{"line":311,"column":8},"end":{"line":311,"column":60}},"126":{"start":{"line":312,"column":8},"end":{"line":312,"column":64}},"127":{"start":{"line":313,"column":8},"end":{"line":313,"column":69}},"128":{"start":{"line":314,"column":8},"end":{"line":314,"column":80}},"129":{"start":{"line":316,"column":8},"end":{"line":316,"column":49}},"130":{"start":{"line":317,"column":8},"end":{"line":317,"column":73}},"131":{"start":{"line":322,"column":0},"end":{"line":362,"column":3}},"132":{"start":{"line":323,"column":4},"end":{"line":361,"column":5}},"133":{"start":{"line":324,"column":100},"end":{"line":324,"column":108}},"134":{"start":{"line":326,"column":8},"end":{"line":328,"column":9}},"135":{"start":{"line":327,"column":12},"end":{"line":327,"column":81}},"136":{"start":{"line":330,"column":21},"end":{"line":343,"column":33}},"137":{"start":{"line":345,"column":8},"end":{"line":345,"column":79}},"138":{"start":{"line":345,"column":19},"end":{"line":345,"column":79}},"139":{"start":{"line":347,"column":8},"end":{"line":357,"column":11}},"140":{"start":{"line":359,"column":8},"end":{"line":359,"column":47}},"141":{"start":{"line":360,"column":8},"end":{"line":360,"column":82}},"142":{"start":{"line":364,"column":0},"end":{"line":364,"column":24}}},"fnMap":{"0":{"name":"(anonymous_0)","decl":{"start":{"line":15,"column":16},"end":{"line":15,"column":17}},"loc":{"start":{"line":15,"column":36},"end":{"line":18,"column":5}},"line":15},"1":{"name":"(anonymous_1)","decl":{"start":{"line":22,"column":22},"end":{"line":22,"column":23}},"loc":{"start":{"line":22,"column":32},"end":{"line":28,"column":1}},"line":22},"2":{"name":"(anonymous_2)","decl":{"start":{"line":31,"column":25},"end":{"line":31,"column":26}},"loc":{"start":{"line":31,"column":45},"end":{"line":80,"column":1}},"line":31},"3":{"name":"(anonymous_3)","decl":{"start":{"line":83,"column":22},"end":{"line":83,"column":23}},"loc":{"start":{"line":83,"column":42},"end":{"line":132,"column":1}},"line":83},"4":{"name":"(anonymous_4)","decl":{"start":{"line":135,"column":31},"end":{"line":135,"column":32}},"loc":{"start":{"line":135,"column":51},"end":{"line":145,"column":1}},"line":135},"5":{"name":"(anonymous_5)","decl":{"start":{"line":148,"column":36},"end":{"line":148,"column":37}},"loc":{"start":{"line":148,"column":56},"end":{"line":190,"column":1}},"line":148},"6":{"name":"(anonymous_6)","decl":{"start":{"line":193,"column":61},"end":{"line":193,"column":62}},"loc":{"start":{"line":193,"column":81},"end":{"line":228,"column":1}},"line":193},"7":{"name":"(anonymous_7)","decl":{"start":{"line":231,"column":66},"end":{"line":231,"column":67}},"loc":{"start":{"line":231,"column":86},"end":{"line":256,"column":1}},"line":231},"8":{"name":"(anonymous_8)","decl":{"start":{"line":259,"column":70},"end":{"line":259,"column":71}},"loc":{"start":{"line":259,"column":90},"end":{"line":284,"column":1}},"line":259},"9":{"name":"(anonymous_9)","decl":{"start":{"line":287,"column":34},"end":{"line":287,"column":35}},"loc":{"start":{"line":287,"column":54},"end":{"line":298,"column":1}},"line":287},"10":{"name":"(anonymous_10)","decl":{"start":{"line":301,"column":41},"end":{"line":301,"column":42}},"loc":{"start":{"line":301,"column":61},"end":{"line":319,"column":1}},"line":301},"11":{"name":"(anonymous_11)","decl":{"start":{"line":322,"column":39},"end":{"line":322,"column":40}},"loc":{"start":{"line":322,"column":59},"end":{"line":362,"column":1}},"line":322}},"branchMap":{"0":{"loc":{"start":{"line":16,"column":8},"end":{"line":17,"column":60}},"type":"if","locations":[{"start":{"line":16,"column":8},"end":{"line":17,"column":60}},{"start":{"line":17,"column":13},"end":{"line":17,"column":60}}],"line":16},"1":{"loc":{"start":{"line":35,"column":8},"end":{"line":37,"column":9}},"type":"if","locations":[{"start":{"line":35,"column":8},"end":{"line":37,"column":9}},{"start":{},"end":{}}],"line":35},"2":{"loc":{"start":{"line":35,"column":12},"end":{"line":35,"column":50}},"type":"binary-expr","locations":[{"start":{"line":35,"column":12},"end":{"line":35,"column":17}},{"start":{"line":35,"column":21},"end":{"line":35,"column":27}},{"start":{"line":35,"column":31},"end":{"line":35,"column":37}},{"start":{"line":35,"column":41},"end":{"line":35,"column":50}}],"line":35},"3":{"loc":{"start":{"line":41,"column":8},"end":{"line":43,"column":9}},"type":"if","locations":[{"start":{"line":41,"column":8},"end":{"line":43,"column":9}},{"start":{},"end":{}}],"line":41},"4":{"loc":{"start":{"line":54,"column":22},"end":{"line":54,"column":43}},"type":"binary-expr","locations":[{"start":{"line":54,"column":22},"end":{"line":54,"column":30}},{"start":{"line":54,"column":34},"end":{"line":54,"column":43}}],"line":54},"5":{"loc":{"start":{"line":71,"column":24},"end":{"line":71,"column":46}},"type":"binary-expr","locations":[{"start":{"line":71,"column":24},"end":{"line":71,"column":38}},{"start":{"line":71,"column":42},"end":{"line":71,"column":46}}],"line":71},"6":{"loc":{"start":{"line":87,"column":8},"end":{"line":89,"column":9}},"type":"if","locations":[{"start":{"line":87,"column":8},"end":{"line":89,"column":9}},{"start":{},"end":{}}],"line":87},"7":{"loc":{"start":{"line":87,"column":12},"end":{"line":87,"column":41}},"type":"binary-expr","locations":[{"start":{"line":87,"column":12},"end":{"line":87,"column":28}},{"start":{"line":87,"column":32},"end":{"line":87,"column":41}}],"line":87},"8":{"loc":{"start":{"line":92,"column":22},"end":{"line":94,"column":39}},"type":"cond-expr","locations":[{"start":{"line":93,"column":14},"end":{"line":93,"column":54}},{"start":{"line":94,"column":14},"end":{"line":94,"column":39}}],"line":92},"9":{"loc":{"start":{"line":97,"column":8},"end":{"line":99,"column":9}},"type":"if","locations":[{"start":{"line":97,"column":8},"end":{"line":99,"column":9}},{"start":{},"end":{}}],"line":97},"10":{"loc":{"start":{"line":102,"column":8},"end":{"line":104,"column":9}},"type":"if","locations":[{"start":{"line":102,"column":8},"end":{"line":104,"column":9}},{"start":{},"end":{}}],"line":102},"11":{"loc":{"start":{"line":118,"column":24},"end":{"line":118,"column":43}},"type":"binary-expr","locations":[{"start":{"line":118,"column":24},"end":{"line":118,"column":35}},{"start":{"line":118,"column":39},"end":{"line":118,"column":43}}],"line":118},"12":{"loc":{"start":{"line":138,"column":8},"end":{"line":140,"column":9}},"type":"if","locations":[{"start":{"line":138,"column":8},"end":{"line":140,"column":9}},{"start":{},"end":{}}],"line":138},"13":{"loc":{"start":{"line":153,"column":8},"end":{"line":153,"column":57}},"type":"if","locations":[{"start":{"line":153,"column":8},"end":{"line":153,"column":57}},{"start":{},"end":{}}],"line":153},"14":{"loc":{"start":{"line":154,"column":8},"end":{"line":154,"column":60}},"type":"if","locations":[{"start":{"line":154,"column":8},"end":{"line":154,"column":60}},{"start":{},"end":{}}],"line":154},"15":{"loc":{"start":{"line":155,"column":8},"end":{"line":155,"column":69}},"type":"if","locations":[{"start":{"line":155,"column":8},"end":{"line":155,"column":69}},{"start":{},"end":{}}],"line":155},"16":{"loc":{"start":{"line":156,"column":8},"end":{"line":156,"column":81}},"type":"if","locations":[{"start":{"line":156,"column":8},"end":{"line":156,"column":81}},{"start":{},"end":{}}],"line":156},"17":{"loc":{"start":{"line":157,"column":8},"end":{"line":157,"column":57}},"type":"if","locations":[{"start":{"line":157,"column":8},"end":{"line":157,"column":57}},{"start":{},"end":{}}],"line":157},"18":{"loc":{"start":{"line":165,"column":8},"end":{"line":167,"column":9}},"type":"if","locations":[{"start":{"line":165,"column":8},"end":{"line":167,"column":9}},{"start":{},"end":{}}],"line":165},"19":{"loc":{"start":{"line":195,"column":8},"end":{"line":197,"column":9}},"type":"if","locations":[{"start":{"line":195,"column":8},"end":{"line":197,"column":9}},{"start":{},"end":{}}],"line":195},"20":{"loc":{"start":{"line":209,"column":8},"end":{"line":209,"column":79}},"type":"if","locations":[{"start":{"line":209,"column":8},"end":{"line":209,"column":79}},{"start":{},"end":{}}],"line":209},"21":{"loc":{"start":{"line":226,"column":40},"end":{"line":226,"column":91}},"type":"binary-expr","locations":[{"start":{"line":226,"column":40},"end":{"line":226,"column":51}},{"start":{"line":226,"column":55},"end":{"line":226,"column":91}}],"line":226},"22":{"loc":{"start":{"line":233,"column":8},"end":{"line":235,"column":9}},"type":"if","locations":[{"start":{"line":233,"column":8},"end":{"line":235,"column":9}},{"start":{},"end":{}}],"line":233},"23":{"loc":{"start":{"line":246,"column":8},"end":{"line":246,"column":79}},"type":"if","locations":[{"start":{"line":246,"column":8},"end":{"line":246,"column":79}},{"start":{},"end":{}}],"line":246},"24":{"loc":{"start":{"line":254,"column":40},"end":{"line":254,"column":91}},"type":"binary-expr","locations":[{"start":{"line":254,"column":40},"end":{"line":254,"column":51}},{"start":{"line":254,"column":55},"end":{"line":254,"column":91}}],"line":254},"25":{"loc":{"start":{"line":261,"column":8},"end":{"line":263,"column":9}},"type":"if","locations":[{"start":{"line":261,"column":8},"end":{"line":263,"column":9}},{"start":{},"end":{}}],"line":261},"26":{"loc":{"start":{"line":274,"column":8},"end":{"line":274,"column":79}},"type":"if","locations":[{"start":{"line":274,"column":8},"end":{"line":274,"column":79}},{"start":{},"end":{}}],"line":274},"27":{"loc":{"start":{"line":282,"column":40},"end":{"line":282,"column":96}},"type":"binary-expr","locations":[{"start":{"line":282,"column":40},"end":{"line":282,"column":51}},{"start":{"line":282,"column":55},"end":{"line":282,"column":96}}],"line":282},"28":{"loc":{"start":{"line":289,"column":8},"end":{"line":291,"column":9}},"type":"if","locations":[{"start":{"line":289,"column":8},"end":{"line":291,"column":9}},{"start":{},"end":{}}],"line":289},"29":{"loc":{"start":{"line":303,"column":8},"end":{"line":305,"column":9}},"type":"if","locations":[{"start":{"line":303,"column":8},"end":{"line":305,"column":9}},{"start":{},"end":{}}],"line":303},"30":{"loc":{"start":{"line":307,"column":8},"end":{"line":309,"column":9}},"type":"if","locations":[{"start":{"line":307,"column":8},"end":{"line":309,"column":9}},{"start":{},"end":{}}],"line":307},"31":{"loc":{"start":{"line":326,"column":8},"end":{"line":328,"column":9}},"type":"if","locations":[{"start":{"line":326,"column":8},"end":{"line":328,"column":9}},{"start":{},"end":{}}],"line":326},"32":{"loc":{"start":{"line":326,"column":12},"end":{"line":326,"column":85}},"type":"binary-expr","locations":[{"start":{"line":326,"column":12},"end":{"line":326,"column":25}},{"start":{"line":326,"column":29},"end":{"line":326,"column":39}},{"start":{"line":326,"column":43},"end":{"line":326,"column":59}},{"start":{"line":326,"column":63},"end":{"line":326,"column":68}},{"start":{"line":326,"column":72},"end":{"line":326,"column":85}}],"line":326},"33":{"loc":{"start":{"line":345,"column":8},"end":{"line":345,"column":79}},"type":"if","locations":[{"start":{"line":345,"column":8},"end":{"line":345,"column":79}},{"start":{},"end":{}}],"line":345}},"s":{"0":5,"1":5,"2":5,"3":5,"4":5,"5":5,"6":5,"7":5,"8":5,"9":0,"10":0,"11":0,"12":5,"13":53,"14":5,"15":55,"16":55,"17":55,"18":1,"19":54,"20":53,"21":1,"22":52,"23":52,"24":52,"25":52,"26":52,"27":52,"28":1,"29":1,"30":5,"31":2,"32":2,"33":2,"34":0,"35":2,"36":2,"37":2,"38":2,"39":0,"40":2,"41":2,"42":1,"43":1,"44":1,"45":0,"46":0,"47":5,"48":1,"49":1,"50":1,"51":0,"52":1,"53":0,"54":5,"55":1,"56":1,"57":1,"58":1,"59":1,"60":1,"61":1,"62":1,"63":0,"64":1,"65":0,"66":1,"67":0,"68":1,"69":1,"70":0,"71":1,"72":0,"73":0,"74":5,"75":0,"76":0,"77":0,"78":0,"79":0,"80":0,"81":0,"82":0,"83":0,"84":0,"85":0,"86":5,"87":0,"88":0,"89":0,"90":0,"91":0,"92":0,"93":0,"94":0,"95":0,"96":0,"97":0,"98":5,"99":0,"100":0,"101":0,"102":0,"103":0,"104":0,"105":0,"106":0,"107":0,"108":0,"109":0,"110":5,"111":4,"112":4,"113":2,"114":2,"115":2,"116":0,"117":0,"118":5,"119":0,"120":0,"121":0,"122":0,"123":0,"124":0,"125":0,"126":0,"127":0,"128":0,"129":0,"130":0,"131":5,"132":0,"133":0,"134":0,"135":0,"136":0,"137":0,"138":0,"139":0,"140":0,"141":0,"142":5},"f":{"0":0,"1":53,"2":55,"3":2,"4":1,"5":1,"6":0,"7":0,"8":0,"9":4,"10":0,"11":0},"b":{"0":[0,0],"1":[1,54],"2":[55,55,54,54],"3":[1,52],"4":[52,0],"5":[52,52],"6":[0,2],"7":[2,2],"8":[2,0],"9":[0,2],"10":[1,1],"11":[1,1],"12":[0,1],"13":[1,0],"14":[1,0],"15":[0,1],"16":[0,1],"17":[0,1],"18":[0,1],"19":[0,0],"20":[0,0],"21":[0,0],"22":[0,0],"23":[0,0],"24":[0,0],"25":[0,0],"26":[0,0],"27":[0,0],"28":[2,2],"29":[0,0],"30":[0,0],"31":[0,0],"32":[0,0,0,0,0],"33":[0,0]},"_coverageSchema":"1a1c01bbd47fc00a2c39e90264f33305004495a9","hash":"4708c3145dca9f2020df5573d345f053b5295414"}
,"C:\\Users\\pasan\\Desktop\\spareHubLk\\backend\\routes\\featuredSellers.js": {"path":"C:\\Users\\pasan\\Desktop\\spareHubLk\\backend\\routes\\featuredSellers.js","statementMap":{"0":{"start":{"line":1,"column":16},"end":{"line":1,"column":34}},"1":{"start":{"line":2,"column":23},"end":{"line":2,"column":58}},"2":{"start":{"line":3,"column":13},"end":{"line":3,"column":38}},"3":{"start":{"line":4,"column":24},"end":{"line":4,"column":53}},"4":{"start":{"line":6,"column":15},"end":{"line":6,"column":31}},"5":{"start":{"line":9,"column":0},"end":{"line":33,"column":3}},"6":{"start":{"line":10,"column":4},"end":{"line":32,"column":5}},"7":{"start":{"line":11,"column":25},"end":{"line":13,"column":46}},"8":{"start":{"line":15,"column":24},"end":{"line":26,"column":11}},"9":{"start":{"line":15,"column":43},"end":{"line":26,"column":9}},"10":{"start":{"line":28,"column":8},"end":{"line":28,"column":26}},"11":{"start":{"line":30,"column":8},"end":{"line":30,"column":58}},"12":{"start":{"line":31,"column":8},"end":{"line":31,"column":59}},"13":{"start":{"line":36,"column":0},"end":{"line":80,"column":3}},"14":{"start":{"line":37,"column":4},"end":{"line":79,"column":5}},"15":{"start":{"line":38,"column":8},"end":{"line":40,"column":9}},"16":{"start":{"line":39,"column":12},"end":{"line":39,"column":79}},"17":{"start":{"line":42,"column":29},"end":{"line":42,"column":37}},"18":{"start":{"line":43,"column":8},"end":{"line":45,"column":9}},"19":{"start":{"line":44,"column":12},"end":{"line":44,"column":79}},"20":{"start":{"line":48,"column":23},"end":{"line":48,"column":52}},"21":{"start":{"line":49,"column":8},"end":{"line":51,"column":9}},"22":{"start":{"line":50,"column":12},"end":{"line":50,"column":74}},"23":{"start":{"line":52,"column":8},"end":{"line":54,"column":9}},"24":{"start":{"line":53,"column":12},"end":{"line":53,"column":90}},"25":{"start":{"line":56,"column":22},"end":{"line":56,"column":59}},"26":{"start":{"line":57,"column":25},"end":{"line":57,"column":71}},"27":{"start":{"line":58,"column":8},"end":{"line":58,"column":30}},"28":{"start":{"line":60,"column":8},"end":{"line":72,"column":11}},"29":{"start":{"line":74,"column":8},"end":{"line":76,"column":9}},"30":{"start":{"line":75,"column":12},"end":{"line":75,"column":89}},"31":{"start":{"line":77,"column":8},"end":{"line":77,"column":57}},"32":{"start":{"line":78,"column":8},"end":{"line":78,"column":59}},"33":{"start":{"line":83,"column":0},"end":{"line":99,"column":3}},"34":{"start":{"line":84,"column":4},"end":{"line":98,"column":5}},"35":{"start":{"line":85,"column":8},"end":{"line":87,"column":9}},"36":{"start":{"line":86,"column":12},"end":{"line":86,"column":79}},"37":{"start":{"line":89,"column":25},"end":{"line":89,"column":78}},"38":{"start":{"line":90,"column":8},"end":{"line":92,"column":9}},"39":{"start":{"line":91,"column":12},"end":{"line":91,"column":83}},"40":{"start":{"line":94,"column":8},"end":{"line":94,"column":68}},"41":{"start":{"line":96,"column":8},"end":{"line":96,"column":60}},"42":{"start":{"line":97,"column":8},"end":{"line":97,"column":59}},"43":{"start":{"line":101,"column":0},"end":{"line":101,"column":24}}},"fnMap":{"0":{"name":"(anonymous_0)","decl":{"start":{"line":9,"column":16},"end":{"line":9,"column":17}},"loc":{"start":{"line":9,"column":36},"end":{"line":33,"column":1}},"line":9},"1":{"name":"(anonymous_1)","decl":{"start":{"line":15,"column":37},"end":{"line":15,"column":38}},"loc":{"start":{"line":15,"column":43},"end":{"line":26,"column":9}},"line":15},"2":{"name":"(anonymous_2)","decl":{"start":{"line":36,"column":30},"end":{"line":36,"column":31}},"loc":{"start":{"line":36,"column":50},"end":{"line":80,"column":1}},"line":36},"3":{"name":"(anonymous_3)","decl":{"start":{"line":83,"column":35},"end":{"line":83,"column":36}},"loc":{"start":{"line":83,"column":55},"end":{"line":99,"column":1}},"line":83}},"branchMap":{"0":{"loc":{"start":{"line":38,"column":8},"end":{"line":40,"column":9}},"type":"if","locations":[{"start":{"line":38,"column":8},"end":{"line":40,"column":9}},{"start":{},"end":{}}],"line":38},"1":{"loc":{"start":{"line":43,"column":8},"end":{"line":45,"column":9}},"type":"if","locations":[{"start":{"line":43,"column":8},"end":{"line":45,"column":9}},{"start":{},"end":{}}],"line":43},"2":{"loc":{"start":{"line":49,"column":8},"end":{"line":51,"column":9}},"type":"if","locations":[{"start":{"line":49,"column":8},"end":{"line":51,"column":9}},{"start":{},"end":{}}],"line":49},"3":{"loc":{"start":{"line":52,"column":8},"end":{"line":54,"column":9}},"type":"if","locations":[{"start":{"line":52,"column":8},"end":{"line":54,"column":9}},{"start":{},"end":{}}],"line":52},"4":{"loc":{"start":{"line":74,"column":8},"end":{"line":76,"column":9}},"type":"if","locations":[{"start":{"line":74,"column":8},"end":{"line":76,"column":9}},{"start":{},"end":{}}],"line":74},"5":{"loc":{"start":{"line":85,"column":8},"end":{"line":87,"column":9}},"type":"if","locations":[{"start":{"line":85,"column":8},"end":{"line":87,"column":9}},{"start":{},"end":{}}],"line":85},"6":{"loc":{"start":{"line":90,"column":8},"end":{"line":92,"column":9}},"type":"if","locations":[{"start":{"line":90,"column":8},"end":{"line":92,"column":9}},{"start":{},"end":{}}],"line":90}},"s":{"0":5,"1":5,"2":5,"3":5,"4":5,"5":5,"6":0,"7":0,"8":0,"9":0,"10":0,"11":0,"12":0,"13":5,"14":0,"15":0,"16":0,"17":0,"18":0,"19":0,"20":0,"21":0,"22":0,"23":0,"24":0,"25":0,"26":0,"27":0,"28":0,"29":0,"30":0,"31":0,"32":0,"33":5,"34":0,"35":0,"36":0,"37":0,"38":0,"39":0,"40":0,"41":0,"42":0,"43":5},"f":{"0":0,"1":0,"2":0,"3":0},"b":{"0":[0,0],"1":[0,0],"2":[0,0],"3":[0,0],"4":[0,0],"5":[0,0],"6":[0,0]},"_coverageSchema":"1a1c01bbd47fc00a2c39e90264f33305004495a9","hash":"d6288f798982c7f5723aaaf4fa66a1bd73846a4e"}
,"C:\\Users\\pasan\\Desktop\\spareHubLk\\backend\\routes\\platformFeedback.js": {"path":"C:\\Users\\pasan\\Desktop\\spareHubLk\\backend\\routes\\platformFeedback.js","statementMap":{"0":{"start":{"line":1,"column":16},"end":{"line":1,"column":34}},"1":{"start":{"line":2,"column":25},"end":{"line":2,"column":62}},"2":{"start":{"line":3,"column":13},"end":{"line":3,"column":38}},"3":{"start":{"line":4,"column":24},"end":{"line":4,"column":53}},"4":{"start":{"line":6,"column":15},"end":{"line":6,"column":31}},"5":{"start":{"line":9,"column":0},"end":{"line":20,"column":3}},"6":{"start":{"line":10,"column":4},"end":{"line":19,"column":5}},"7":{"start":{"line":11,"column":26},"end":{"line":14,"column":22}},"8":{"start":{"line":15,"column":8},"end":{"line":15,"column":28}},"9":{"start":{"line":17,"column":8},"end":{"line":17,"column":59}},"10":{"start":{"line":18,"column":8},"end":{"line":18,"column":77}},"11":{"start":{"line":23,"column":0},"end":{"line":46,"column":3}},"12":{"start":{"line":24,"column":4},"end":{"line":45,"column":5}},"13":{"start":{"line":25,"column":22},"end":{"line":33,"column":10}},"14":{"start":{"line":34,"column":23},"end":{"line":36,"column":10}},"15":{"start":{"line":37,"column":8},"end":{"line":41,"column":11}},"16":{"start":{"line":40,"column":53},"end":{"line":40,"column":81}},"17":{"start":{"line":43,"column":8},"end":{"line":43,"column":56}},"18":{"start":{"line":44,"column":8},"end":{"line":44,"column":59}},"19":{"start":{"line":49,"column":0},"end":{"line":81,"column":3}},"20":{"start":{"line":50,"column":4},"end":{"line":80,"column":5}},"21":{"start":{"line":51,"column":46},"end":{"line":51,"column":54}},"22":{"start":{"line":52,"column":8},"end":{"line":54,"column":9}},"23":{"start":{"line":53,"column":12},"end":{"line":53,"column":89}},"24":{"start":{"line":55,"column":8},"end":{"line":57,"column":9}},"25":{"start":{"line":56,"column":12},"end":{"line":56,"column":88}},"26":{"start":{"line":59,"column":25},"end":{"line":66,"column":10}},"27":{"start":{"line":68,"column":8},"end":{"line":68,"column":30}},"28":{"start":{"line":70,"column":26},"end":{"line":71,"column":44}},"29":{"start":{"line":73,"column":8},"end":{"line":73,"column":86}},"30":{"start":{"line":75,"column":8},"end":{"line":77,"column":9}},"31":{"start":{"line":76,"column":12},"end":{"line":76,"column":93}},"32":{"start":{"line":78,"column":8},"end":{"line":78,"column":59}},"33":{"start":{"line":79,"column":8},"end":{"line":79,"column":75}},"34":{"start":{"line":84,"column":0},"end":{"line":99,"column":3}},"35":{"start":{"line":85,"column":4},"end":{"line":98,"column":5}},"36":{"start":{"line":86,"column":25},"end":{"line":86,"column":71}},"37":{"start":{"line":87,"column":8},"end":{"line":89,"column":9}},"38":{"start":{"line":88,"column":12},"end":{"line":88,"column":76}},"39":{"start":{"line":90,"column":8},"end":{"line":92,"column":9}},"40":{"start":{"line":91,"column":12},"end":{"line":91,"column":72}},"41":{"start":{"line":93,"column":8},"end":{"line":93,"column":35}},"42":{"start":{"line":94,"column":8},"end":{"line":94,"column":51}},"43":{"start":{"line":96,"column":8},"end":{"line":96,"column":53}},"44":{"start":{"line":97,"column":8},"end":{"line":97,"column":59}},"45":{"start":{"line":101,"column":0},"end":{"line":101,"column":24}}},"fnMap":{"0":{"name":"(anonymous_0)","decl":{"start":{"line":9,"column":16},"end":{"line":9,"column":17}},"loc":{"start":{"line":9,"column":36},"end":{"line":20,"column":1}},"line":9},"1":{"name":"(anonymous_1)","decl":{"start":{"line":23,"column":21},"end":{"line":23,"column":22}},"loc":{"start":{"line":23,"column":41},"end":{"line":46,"column":1}},"line":23},"2":{"name":"(anonymous_2)","decl":{"start":{"line":40,"column":40},"end":{"line":40,"column":41}},"loc":{"start":{"line":40,"column":53},"end":{"line":40,"column":81}},"line":40},"3":{"name":"(anonymous_3)","decl":{"start":{"line":49,"column":30},"end":{"line":49,"column":31}},"loc":{"start":{"line":49,"column":50},"end":{"line":81,"column":1}},"line":49},"4":{"name":"(anonymous_4)","decl":{"start":{"line":84,"column":35},"end":{"line":84,"column":36}},"loc":{"start":{"line":84,"column":55},"end":{"line":99,"column":1}},"line":84}},"branchMap":{"0":{"loc":{"start":{"line":38,"column":19},"end":{"line":38,"column":39}},"type":"binary-expr","locations":[{"start":{"line":38,"column":19},"end":{"line":38,"column":34}},{"start":{"line":38,"column":38},"end":{"line":38,"column":39}}],"line":38},"1":{"loc":{"start":{"line":39,"column":23},"end":{"line":39,"column":89}},"type":"cond-expr","locations":[{"start":{"line":39,"column":45},"end":{"line":39,"column":85}},{"start":{"line":39,"column":88},"end":{"line":39,"column":89}}],"line":39},"2":{"loc":{"start":{"line":52,"column":8},"end":{"line":54,"column":9}},"type":"if","locations":[{"start":{"line":52,"column":8},"end":{"line":54,"column":9}},{"start":{},"end":{}}],"line":52},"3":{"loc":{"start":{"line":52,"column":12},"end":{"line":52,"column":31}},"type":"binary-expr","locations":[{"start":{"line":52,"column":12},"end":{"line":52,"column":19}},{"start":{"line":52,"column":23},"end":{"line":52,"column":31}}],"line":52},"4":{"loc":{"start":{"line":55,"column":8},"end":{"line":57,"column":9}},"type":"if","locations":[{"start":{"line":55,"column":8},"end":{"line":57,"column":9}},{"start":{},"end":{}}],"line":55},"5":{"loc":{"start":{"line":55,"column":12},"end":{"line":55,"column":36}},"type":"binary-expr","locations":[{"start":{"line":55,"column":12},"end":{"line":55,"column":22}},{"start":{"line":55,"column":26},"end":{"line":55,"column":36}}],"line":55},"6":{"loc":{"start":{"line":62,"column":24},"end":{"line":62,"column":47}},"type":"binary-expr","locations":[{"start":{"line":62,"column":24},"end":{"line":62,"column":39}},{"start":{"line":62,"column":43},"end":{"line":62,"column":47}}],"line":62},"7":{"loc":{"start":{"line":65,"column":22},"end":{"line":65,"column":44}},"type":"binary-expr","locations":[{"start":{"line":65,"column":22},"end":{"line":65,"column":30}},{"start":{"line":65,"column":34},"end":{"line":65,"column":44}}],"line":65},"8":{"loc":{"start":{"line":75,"column":8},"end":{"line":77,"column":9}},"type":"if","locations":[{"start":{"line":75,"column":8},"end":{"line":77,"column":9}},{"start":{},"end":{}}],"line":75},"9":{"loc":{"start":{"line":87,"column":8},"end":{"line":89,"column":9}},"type":"if","locations":[{"start":{"line":87,"column":8},"end":{"line":89,"column":9}},{"start":{},"end":{}}],"line":87},"10":{"loc":{"start":{"line":90,"column":8},"end":{"line":92,"column":9}},"type":"if","locations":[{"start":{"line":90,"column":8},"end":{"line":92,"column":9}},{"start":{},"end":{}}],"line":90},"11":{"loc":{"start":{"line":90,"column":12},"end":{"line":90,"column":81}},"type":"binary-expr","locations":[{"start":{"line":90,"column":12},"end":{"line":90,"column":52}},{"start":{"line":90,"column":56},"end":{"line":90,"column":81}}],"line":90}},"s":{"0":5,"1":5,"2":5,"3":5,"4":5,"5":5,"6":0,"7":0,"8":0,"9":0,"10":0,"11":5,"12":0,"13":0,"14":0,"15":0,"16":0,"17":0,"18":0,"19":5,"20":0,"21":0,"22":0,"23":0,"24":0,"25":0,"26":0,"27":0,"28":0,"29":0,"30":0,"31":0,"32":0,"33":0,"34":5,"35":0,"36":0,"37":0,"38":0,"39":0,"40":0,"41":0,"42":0,"43":0,"44":0,"45":5},"f":{"0":0,"1":0,"2":0,"3":0,"4":0},"b":{"0":[0,0],"1":[0,0],"2":[0,0],"3":[0,0],"4":[0,0],"5":[0,0],"6":[0,0],"7":[0,0],"8":[0,0],"9":[0,0],"10":[0,0],"11":[0,0]},"_coverageSchema":"1a1c01bbd47fc00a2c39e90264f33305004495a9","hash":"3224b3f78a1d626e6f39471047d4de91b4764d29"}
,"C:\\Users\\pasan\\Desktop\\spareHubLk\\backend\\routes\\premium.js": {"path":"C:\\Users\\pasan\\Desktop\\spareHubLk\\backend\\routes\\premium.js","statementMap":{"0":{"start":{"line":1,"column":16},"end":{"line":1,"column":34}},"1":{"start":{"line":2,"column":20},"end":{"line":2,"column":52}},"2":{"start":{"line":3,"column":13},"end":{"line":3,"column":38}},"3":{"start":{"line":4,"column":24},"end":{"line":4,"column":53}},"4":{"start":{"line":6,"column":15},"end":{"line":6,"column":31}},"5":{"start":{"line":9,"column":0},"end":{"line":60,"column":3}},"6":{"start":{"line":10,"column":4},"end":{"line":59,"column":5}},"7":{"start":{"line":11,"column":131},"end":{"line":11,"column":139}},"8":{"start":{"line":13,"column":8},"end":{"line":15,"column":9}},"9":{"start":{"line":14,"column":12},"end":{"line":14,"column":92}},"10":{"start":{"line":17,"column":36},"end":{"line":17,"column":105}},"11":{"start":{"line":18,"column":8},"end":{"line":20,"column":9}},"12":{"start":{"line":19,"column":12},"end":{"line":19,"column":96}},"13":{"start":{"line":23,"column":33},"end":{"line":23,"column":103}},"14":{"start":{"line":24,"column":8},"end":{"line":26,"column":9}},"15":{"start":{"line":25,"column":12},"end":{"line":25,"column":47}},"16":{"start":{"line":28,"column":28},"end":{"line":41,"column":10}},"17":{"start":{"line":43,"column":8},"end":{"line":43,"column":33}},"18":{"start":{"line":46,"column":8},"end":{"line":46,"column":80}},"19":{"start":{"line":48,"column":8},"end":{"line":55,"column":11}},"20":{"start":{"line":57,"column":8},"end":{"line":57,"column":47}},"21":{"start":{"line":58,"column":8},"end":{"line":58,"column":82}},"22":{"start":{"line":63,"column":0},"end":{"line":74,"column":3}},"23":{"start":{"line":64,"column":4},"end":{"line":73,"column":5}},"24":{"start":{"line":65,"column":28},"end":{"line":65,"column":102}},"25":{"start":{"line":66,"column":8},"end":{"line":68,"column":9}},"26":{"start":{"line":67,"column":12},"end":{"line":67,"column":78}},"27":{"start":{"line":69,"column":8},"end":{"line":69,"column":30}},"28":{"start":{"line":71,"column":8},"end":{"line":71,"column":53}},"29":{"start":{"line":72,"column":8},"end":{"line":72,"column":59}},"30":{"start":{"line":77,"column":0},"end":{"line":85,"column":3}},"31":{"start":{"line":78,"column":4},"end":{"line":84,"column":5}},"32":{"start":{"line":79,"column":29},"end":{"line":79,"column":125}},"33":{"start":{"line":80,"column":8},"end":{"line":80,"column":31}},"34":{"start":{"line":82,"column":8},"end":{"line":82,"column":58}},"35":{"start":{"line":83,"column":8},"end":{"line":83,"column":59}},"36":{"start":{"line":88,"column":0},"end":{"line":132,"column":3}},"37":{"start":{"line":89,"column":4},"end":{"line":131,"column":5}},"38":{"start":{"line":90,"column":27},"end":{"line":90,"column":35}},"39":{"start":{"line":91,"column":8},"end":{"line":93,"column":9}},"40":{"start":{"line":92,"column":12},"end":{"line":92,"column":72}},"41":{"start":{"line":95,"column":28},"end":{"line":99,"column":48}},"42":{"start":{"line":101,"column":8},"end":{"line":103,"column":9}},"43":{"start":{"line":102,"column":12},"end":{"line":102,"column":79}},"44":{"start":{"line":106,"column":27},"end":{"line":106,"column":52}},"45":{"start":{"line":107,"column":8},"end":{"line":121,"column":9}},"46":{"start":{"line":108,"column":12},"end":{"line":108,"column":40}},"47":{"start":{"line":109,"column":12},"end":{"line":109,"column":39}},"48":{"start":{"line":111,"column":12},"end":{"line":111,"column":63}},"49":{"start":{"line":112,"column":12},"end":{"line":112,"column":57}},"50":{"start":{"line":113,"column":12},"end":{"line":113,"column":55}},"51":{"start":{"line":114,"column":12},"end":{"line":114,"column":53}},"52":{"start":{"line":115,"column":12},"end":{"line":115,"column":69}},"53":{"start":{"line":116,"column":12},"end":{"line":116,"column":47}},"54":{"start":{"line":117,"column":12},"end":{"line":117,"column":63}},"55":{"start":{"line":120,"column":12},"end":{"line":120,"column":41}},"56":{"start":{"line":122,"column":8},"end":{"line":122,"column":95}},"57":{"start":{"line":124,"column":8},"end":{"line":127,"column":11}},"58":{"start":{"line":129,"column":8},"end":{"line":129,"column":51}},"59":{"start":{"line":130,"column":8},"end":{"line":130,"column":59}},"60":{"start":{"line":135,"column":0},"end":{"line":162,"column":3}},"61":{"start":{"line":136,"column":4},"end":{"line":161,"column":5}},"62":{"start":{"line":137,"column":36},"end":{"line":137,"column":45}},"63":{"start":{"line":139,"column":22},"end":{"line":139,"column":92}},"64":{"start":{"line":141,"column":8},"end":{"line":146,"column":9}},"65":{"start":{"line":142,"column":12},"end":{"line":145,"column":14}},"66":{"start":{"line":148,"column":8},"end":{"line":150,"column":9}},"67":{"start":{"line":149,"column":12},"end":{"line":149,"column":46}},"68":{"start":{"line":152,"column":24},"end":{"line":155,"column":22}},"69":{"start":{"line":157,"column":8},"end":{"line":157,"column":26}},"70":{"start":{"line":159,"column":8},"end":{"line":159,"column":58}},"71":{"start":{"line":160,"column":8},"end":{"line":160,"column":73}},"72":{"start":{"line":165,"column":0},"end":{"line":190,"column":3}},"73":{"start":{"line":166,"column":4},"end":{"line":189,"column":5}},"74":{"start":{"line":167,"column":8},"end":{"line":169,"column":9}},"75":{"start":{"line":168,"column":12},"end":{"line":168,"column":79}},"76":{"start":{"line":170,"column":28},"end":{"line":170,"column":78}},"77":{"start":{"line":171,"column":8},"end":{"line":173,"column":9}},"78":{"start":{"line":172,"column":12},"end":{"line":172,"column":79}},"79":{"start":{"line":176,"column":8},"end":{"line":183,"column":10}},"80":{"start":{"line":185,"column":8},"end":{"line":185,"column":77}},"81":{"start":{"line":187,"column":8},"end":{"line":187,"column":56}},"82":{"start":{"line":188,"column":8},"end":{"line":188,"column":80}},"83":{"start":{"line":193,"column":0},"end":{"line":209,"column":3}},"84":{"start":{"line":194,"column":4},"end":{"line":208,"column":5}},"85":{"start":{"line":195,"column":21},"end":{"line":197,"column":9}},"86":{"start":{"line":198,"column":8},"end":{"line":200,"column":9}},"87":{"start":{"line":199,"column":12},"end":{"line":199,"column":74}},"88":{"start":{"line":201,"column":8},"end":{"line":203,"column":9}},"89":{"start":{"line":202,"column":12},"end":{"line":202,"column":89}},"90":{"start":{"line":204,"column":8},"end":{"line":204,"column":23}},"91":{"start":{"line":206,"column":8},"end":{"line":206,"column":56}},"92":{"start":{"line":207,"column":8},"end":{"line":207,"column":59}},"93":{"start":{"line":211,"column":0},"end":{"line":211,"column":24}}},"fnMap":{"0":{"name":"(anonymous_0)","decl":{"start":{"line":9,"column":35},"end":{"line":9,"column":36}},"loc":{"start":{"line":9,"column":55},"end":{"line":60,"column":1}},"line":9},"1":{"name":"(anonymous_1)","decl":{"start":{"line":63,"column":43},"end":{"line":63,"column":44}},"loc":{"start":{"line":63,"column":63},"end":{"line":74,"column":1}},"line":63},"2":{"name":"(anonymous_2)","decl":{"start":{"line":77,"column":32},"end":{"line":77,"column":33}},"loc":{"start":{"line":77,"column":52},"end":{"line":85,"column":1}},"line":77},"3":{"name":"(anonymous_3)","decl":{"start":{"line":88,"column":39},"end":{"line":88,"column":40}},"loc":{"start":{"line":88,"column":59},"end":{"line":132,"column":1}},"line":88},"4":{"name":"(anonymous_4)","decl":{"start":{"line":135,"column":22},"end":{"line":135,"column":23}},"loc":{"start":{"line":135,"column":42},"end":{"line":162,"column":1}},"line":135},"5":{"name":"(anonymous_5)","decl":{"start":{"line":165,"column":35},"end":{"line":165,"column":36}},"loc":{"start":{"line":165,"column":55},"end":{"line":190,"column":1}},"line":165},"6":{"name":"(anonymous_6)","decl":{"start":{"line":193,"column":30},"end":{"line":193,"column":31}},"loc":{"start":{"line":193,"column":50},"end":{"line":209,"column":1}},"line":193}},"branchMap":{"0":{"loc":{"start":{"line":13,"column":8},"end":{"line":15,"column":9}},"type":"if","locations":[{"start":{"line":13,"column":8},"end":{"line":15,"column":9}},{"start":{},"end":{}}],"line":13},"1":{"loc":{"start":{"line":13,"column":12},"end":{"line":13,"column":85}},"type":"binary-expr","locations":[{"start":{"line":13,"column":12},"end":{"line":13,"column":25}},{"start":{"line":13,"column":29},"end":{"line":13,"column":39}},{"start":{"line":13,"column":43},"end":{"line":13,"column":59}},{"start":{"line":13,"column":63},"end":{"line":13,"column":68}},{"start":{"line":13,"column":72},"end":{"line":13,"column":85}}],"line":13},"2":{"loc":{"start":{"line":18,"column":8},"end":{"line":20,"column":9}},"type":"if","locations":[{"start":{"line":18,"column":8},"end":{"line":20,"column":9}},{"start":{},"end":{}}],"line":18},"3":{"loc":{"start":{"line":24,"column":8},"end":{"line":26,"column":9}},"type":"if","locations":[{"start":{"line":24,"column":8},"end":{"line":26,"column":9}},{"start":{},"end":{}}],"line":24},"4":{"loc":{"start":{"line":66,"column":8},"end":{"line":68,"column":9}},"type":"if","locations":[{"start":{"line":66,"column":8},"end":{"line":68,"column":9}},{"start":{},"end":{}}],"line":66},"5":{"loc":{"start":{"line":91,"column":8},"end":{"line":93,"column":9}},"type":"if","locations":[{"start":{"line":91,"column":8},"end":{"line":93,"column":9}},{"start":{},"end":{}}],"line":91},"6":{"loc":{"start":{"line":101,"column":8},"end":{"line":103,"column":9}},"type":"if","locations":[{"start":{"line":101,"column":8},"end":{"line":103,"column":9}},{"start":{},"end":{}}],"line":101},"7":{"loc":{"start":{"line":107,"column":8},"end":{"line":121,"column":9}},"type":"if","locations":[{"start":{"line":107,"column":8},"end":{"line":121,"column":9}},{"start":{"line":118,"column":15},"end":{"line":121,"column":9}}],"line":107},"8":{"loc":{"start":{"line":122,"column":37},"end":{"line":122,"column":81}},"type":"binary-expr","locations":[{"start":{"line":122,"column":37},"end":{"line":122,"column":59}},{"start":{"line":122,"column":63},"end":{"line":122,"column":81}}],"line":122},"9":{"loc":{"start":{"line":141,"column":8},"end":{"line":146,"column":9}},"type":"if","locations":[{"start":{"line":141,"column":8},"end":{"line":146,"column":9}},{"start":{},"end":{}}],"line":141},"10":{"loc":{"start":{"line":148,"column":8},"end":{"line":150,"column":9}},"type":"if","locations":[{"start":{"line":148,"column":8},"end":{"line":150,"column":9}},{"start":{},"end":{}}],"line":148},"11":{"loc":{"start":{"line":167,"column":8},"end":{"line":169,"column":9}},"type":"if","locations":[{"start":{"line":167,"column":8},"end":{"line":169,"column":9}},{"start":{},"end":{}}],"line":167},"12":{"loc":{"start":{"line":171,"column":8},"end":{"line":173,"column":9}},"type":"if","locations":[{"start":{"line":171,"column":8},"end":{"line":173,"column":9}},{"start":{},"end":{}}],"line":171},"13":{"loc":{"start":{"line":198,"column":8},"end":{"line":200,"column":9}},"type":"if","locations":[{"start":{"line":198,"column":8},"end":{"line":200,"column":9}},{"start":{},"end":{}}],"line":198},"14":{"loc":{"start":{"line":201,"column":8},"end":{"line":203,"column":9}},"type":"if","locations":[{"start":{"line":201,"column":8},"end":{"line":203,"column":9}},{"start":{},"end":{}}],"line":201}},"s":{"0":5,"1":5,"2":5,"3":5,"4":5,"5":5,"6":5,"7":5,"8":5,"9":0,"10":5,"11":5,"12":0,"13":5,"14":5,"15":0,"16":5,"17":5,"18":5,"19":5,"20":0,"21":0,"22":5,"23":1,"24":1,"25":1,"26":0,"27":1,"28":0,"29":0,"30":5,"31":0,"32":0,"33":0,"34":0,"35":0,"36":5,"37":3,"38":3,"39":3,"40":0,"41":3,"42":3,"43":0,"44":3,"45":3,"46":2,"47":2,"48":2,"49":2,"50":2,"51":2,"52":2,"53":2,"54":2,"55":1,"56":3,"57":3,"58":0,"59":0,"60":5,"61":0,"62":0,"63":0,"64":0,"65":0,"66":0,"67":0,"68":0,"69":0,"70":0,"71":0,"72":5,"73":0,"74":0,"75":0,"76":0,"77":0,"78":0,"79":0,"80":0,"81":0,"82":0,"83":5,"84":1,"85":1,"86":1,"87":0,"88":1,"89":0,"90":1,"91":0,"92":0,"93":5},"f":{"0":5,"1":1,"2":0,"3":3,"4":0,"5":0,"6":1},"b":{"0":[0,5],"1":[5,5,5,5,5],"2":[0,5],"3":[0,5],"4":[0,1],"5":[0,3],"6":[0,3],"7":[2,1],"8":[3,0],"9":[0,0],"10":[0,0],"11":[0,0],"12":[0,0],"13":[0,1],"14":[0,1]},"_coverageSchema":"1a1c01bbd47fc00a2c39e90264f33305004495a9","hash":"2825aad068f1106917df8e46c8c6e933f96050ed"}
,"C:\\Users\\pasan\\Desktop\\spareHubLk\\backend\\routes\\products.js": {"path":"C:\\Users\\pasan\\Desktop\\spareHubLk\\backend\\routes\\products.js","statementMap":{"0":{"start":{"line":1,"column":16},"end":{"line":1,"column":34}},"1":{"start":{"line":2,"column":15},"end":{"line":2,"column":32}},"2":{"start":{"line":3,"column":13},"end":{"line":3,"column":28}},"3":{"start":{"line":4,"column":11},"end":{"line":4,"column":24}},"4":{"start":{"line":5,"column":16},"end":{"line":5,"column":44}},"5":{"start":{"line":6,"column":24},"end":{"line":6,"column":53}},"6":{"start":{"line":8,"column":15},"end":{"line":8,"column":31}},"7":{"start":{"line":11,"column":19},"end":{"line":11,"column":56}},"8":{"start":{"line":12,"column":0},"end":{"line":14,"column":1}},"9":{"start":{"line":13,"column":4},"end":{"line":13,"column":50}},"10":{"start":{"line":17,"column":16},"end":{"line":25,"column":2}},"11":{"start":{"line":19,"column":8},"end":{"line":19,"column":29}},"12":{"start":{"line":22,"column":29},"end":{"line":22,"column":79}},"13":{"start":{"line":23,"column":8},"end":{"line":23,"column":65}},"14":{"start":{"line":27,"column":15},"end":{"line":39,"column":2}},"15":{"start":{"line":31,"column":29},"end":{"line":31,"column":48}},"16":{"start":{"line":32,"column":24},"end":{"line":32,"column":88}},"17":{"start":{"line":33,"column":25},"end":{"line":33,"column":57}},"18":{"start":{"line":34,"column":8},"end":{"line":36,"column":9}},"19":{"start":{"line":35,"column":12},"end":{"line":35,"column":34}},"20":{"start":{"line":37,"column":8},"end":{"line":37,"column":72}},"21":{"start":{"line":42,"column":0},"end":{"line":53,"column":3}},"22":{"start":{"line":43,"column":4},"end":{"line":52,"column":5}},"23":{"start":{"line":44,"column":8},"end":{"line":46,"column":9}},"24":{"start":{"line":45,"column":12},"end":{"line":45,"column":76}},"25":{"start":{"line":47,"column":26},"end":{"line":47,"column":76}},"26":{"start":{"line":47,"column":48},"end":{"line":47,"column":75}},"27":{"start":{"line":48,"column":8},"end":{"line":48,"column":40}},"28":{"start":{"line":50,"column":8},"end":{"line":50,"column":50}},"29":{"start":{"line":51,"column":8},"end":{"line":51,"column":69}},"30":{"start":{"line":56,"column":0},"end":{"line":96,"column":3}},"31":{"start":{"line":57,"column":4},"end":{"line":95,"column":5}},"32":{"start":{"line":58,"column":150},"end":{"line":58,"column":158}},"33":{"start":{"line":60,"column":8},"end":{"line":62,"column":9}},"34":{"start":{"line":61,"column":12},"end":{"line":61,"column":97}},"35":{"start":{"line":64,"column":8},"end":{"line":66,"column":9}},"36":{"start":{"line":65,"column":12},"end":{"line":65,"column":93}},"37":{"start":{"line":68,"column":24},"end":{"line":84,"column":10}},"38":{"start":{"line":86,"column":8},"end":{"line":86,"column":29}},"39":{"start":{"line":88,"column":8},"end":{"line":91,"column":11}},"40":{"start":{"line":93,"column":8},"end":{"line":93,"column":52}},"41":{"start":{"line":94,"column":8},"end":{"line":94,"column":82}},"42":{"start":{"line":99,"column":0},"end":{"line":144,"column":3}},"43":{"start":{"line":100,"column":4},"end":{"line":143,"column":5}},"44":{"start":{"line":101,"column":66},"end":{"line":101,"column":75}},"45":{"start":{"line":102,"column":30},"end":{"line":102,"column":52}},"46":{"start":{"line":104,"column":8},"end":{"line":113,"column":9}},"47":{"start":{"line":105,"column":12},"end":{"line":112,"column":15}},"48":{"start":{"line":114,"column":8},"end":{"line":116,"column":9}},"49":{"start":{"line":115,"column":12},"end":{"line":115,"column":82}},"50":{"start":{"line":117,"column":8},"end":{"line":119,"column":9}},"51":{"start":{"line":118,"column":12},"end":{"line":118,"column":43}},"52":{"start":{"line":120,"column":8},"end":{"line":122,"column":9}},"53":{"start":{"line":121,"column":12},"end":{"line":121,"column":83}},"54":{"start":{"line":123,"column":8},"end":{"line":125,"column":9}},"55":{"start":{"line":124,"column":12},"end":{"line":124,"column":81}},"56":{"start":{"line":126,"column":8},"end":{"line":134,"column":9}},"57":{"start":{"line":127,"column":12},"end":{"line":133,"column":15}},"58":{"start":{"line":136,"column":22},"end":{"line":136,"column":91}},"59":{"start":{"line":138,"column":25},"end":{"line":138,"column":126}},"60":{"start":{"line":139,"column":8},"end":{"line":139,"column":27}},"61":{"start":{"line":141,"column":8},"end":{"line":141,"column":52}},"62":{"start":{"line":142,"column":8},"end":{"line":142,"column":77}},"63":{"start":{"line":147,"column":0},"end":{"line":154,"column":3}},"64":{"start":{"line":148,"column":4},"end":{"line":153,"column":5}},"65":{"start":{"line":149,"column":25},"end":{"line":149,"column":116}},"66":{"start":{"line":150,"column":8},"end":{"line":150,"column":27}},"67":{"start":{"line":152,"column":8},"end":{"line":152,"column":84}},"68":{"start":{"line":157,"column":0},"end":{"line":164,"column":3}},"69":{"start":{"line":158,"column":4},"end":{"line":163,"column":5}},"70":{"start":{"line":159,"column":25},"end":{"line":159,"column":92}},"71":{"start":{"line":160,"column":8},"end":{"line":160,"column":27}},"72":{"start":{"line":162,"column":8},"end":{"line":162,"column":82}},"73":{"start":{"line":167,"column":0},"end":{"line":180,"column":3}},"74":{"start":{"line":168,"column":4},"end":{"line":179,"column":5}},"75":{"start":{"line":169,"column":24},"end":{"line":173,"column":51}},"76":{"start":{"line":175,"column":8},"end":{"line":175,"column":85}},"77":{"start":{"line":175,"column":22},"end":{"line":175,"column":85}},"78":{"start":{"line":176,"column":8},"end":{"line":176,"column":26}},"79":{"start":{"line":178,"column":8},"end":{"line":178,"column":59}},"80":{"start":{"line":183,"column":0},"end":{"line":206,"column":3}},"81":{"start":{"line":184,"column":4},"end":{"line":205,"column":5}},"82":{"start":{"line":185,"column":8},"end":{"line":187,"column":9}},"83":{"start":{"line":186,"column":12},"end":{"line":186,"column":79}},"84":{"start":{"line":188,"column":24},"end":{"line":188,"column":70}},"85":{"start":{"line":189,"column":8},"end":{"line":191,"column":9}},"86":{"start":{"line":190,"column":12},"end":{"line":190,"column":75}},"87":{"start":{"line":193,"column":8},"end":{"line":200,"column":9}},"88":{"start":{"line":194,"column":12},"end":{"line":199,"column":15}},"89":{"start":{"line":195,"column":33},"end":{"line":195,"column":68}},"90":{"start":{"line":196,"column":16},"end":{"line":198,"column":17}},"91":{"start":{"line":197,"column":20},"end":{"line":197,"column":44}},"92":{"start":{"line":201,"column":8},"end":{"line":201,"column":63}},"93":{"start":{"line":203,"column":8},"end":{"line":203,"column":52}},"94":{"start":{"line":204,"column":8},"end":{"line":204,"column":76}},"95":{"start":{"line":208,"column":0},"end":{"line":208,"column":24}}},"fnMap":{"0":{"name":"(anonymous_0)","decl":{"start":{"line":18,"column":17},"end":{"line":18,"column":18}},"loc":{"start":{"line":18,"column":36},"end":{"line":20,"column":5}},"line":18},"1":{"name":"(anonymous_1)","decl":{"start":{"line":21,"column":14},"end":{"line":21,"column":15}},"loc":{"start":{"line":21,"column":33},"end":{"line":24,"column":5}},"line":21},"2":{"name":"(anonymous_2)","decl":{"start":{"line":30,"column":16},"end":{"line":30,"column":17}},"loc":{"start":{"line":30,"column":35},"end":{"line":38,"column":5}},"line":30},"3":{"name":"(anonymous_3)","decl":{"start":{"line":42,"column":63},"end":{"line":42,"column":64}},"loc":{"start":{"line":42,"column":83},"end":{"line":53,"column":1}},"line":42},"4":{"name":"(anonymous_4)","decl":{"start":{"line":47,"column":40},"end":{"line":47,"column":41}},"loc":{"start":{"line":47,"column":48},"end":{"line":47,"column":75}},"line":47},"5":{"name":"(anonymous_5)","decl":{"start":{"line":56,"column":30},"end":{"line":56,"column":31}},"loc":{"start":{"line":56,"column":50},"end":{"line":96,"column":1}},"line":56},"6":{"name":"(anonymous_6)","decl":{"start":{"line":99,"column":16},"end":{"line":99,"column":17}},"loc":{"start":{"line":99,"column":36},"end":{"line":144,"column":1}},"line":99},"7":{"name":"(anonymous_7)","decl":{"start":{"line":147,"column":30},"end":{"line":147,"column":31}},"loc":{"start":{"line":147,"column":50},"end":{"line":154,"column":1}},"line":147},"8":{"name":"(anonymous_8)","decl":{"start":{"line":157,"column":33},"end":{"line":157,"column":34}},"loc":{"start":{"line":157,"column":53},"end":{"line":164,"column":1}},"line":157},"9":{"name":"(anonymous_9)","decl":{"start":{"line":167,"column":19},"end":{"line":167,"column":20}},"loc":{"start":{"line":167,"column":39},"end":{"line":180,"column":1}},"line":167},"10":{"name":"(anonymous_10)","decl":{"start":{"line":183,"column":35},"end":{"line":183,"column":36}},"loc":{"start":{"line":183,"column":55},"end":{"line":206,"column":1}},"line":183},"11":{"name":"(anonymous_11)","decl":{"start":{"line":194,"column":35},"end":{"line":194,"column":36}},"loc":{"start":{"line":194,"column":46},"end":{"line":199,"column":13}},"line":194}},"branchMap":{"0":{"loc":{"start":{"line":12,"column":0},"end":{"line":14,"column":1}},"type":"if","locations":[{"start":{"line":12,"column":0},"end":{"line":14,"column":1}},{"start":{},"end":{}}],"line":12},"1":{"loc":{"start":{"line":34,"column":8},"end":{"line":36,"column":9}},"type":"if","locations":[{"start":{"line":34,"column":8},"end":{"line":36,"column":9}},{"start":{},"end":{}}],"line":34},"2":{"loc":{"start":{"line":34,"column":12},"end":{"line":34,"column":31}},"type":"binary-expr","locations":[{"start":{"line":34,"column":12},"end":{"line":34,"column":19}},{"start":{"line":34,"column":23},"end":{"line":34,"column":31}}],"line":34},"3":{"loc":{"start":{"line":44,"column":8},"end":{"line":46,"column":9}},"type":"if","locations":[{"start":{"line":44,"column":8},"end":{"line":46,"column":9}},{"start":{},"end":{}}],"line":44},"4":{"loc":{"start":{"line":44,"column":12},"end":{"line":44,"column":48}},"type":"binary-expr","locations":[{"start":{"line":44,"column":12},"end":{"line":44,"column":22}},{"start":{"line":44,"column":26},"end":{"line":44,"column":48}}],"line":44},"5":{"loc":{"start":{"line":60,"column":8},"end":{"line":62,"column":9}},"type":"if","locations":[{"start":{"line":60,"column":8},"end":{"line":62,"column":9}},{"start":{},"end":{}}],"line":60},"6":{"loc":{"start":{"line":60,"column":12},"end":{"line":60,"column":41}},"type":"binary-expr","locations":[{"start":{"line":60,"column":12},"end":{"line":60,"column":18}},{"start":{"line":60,"column":22},"end":{"line":60,"column":28}},{"start":{"line":60,"column":32},"end":{"line":60,"column":41}}],"line":60},"7":{"loc":{"start":{"line":64,"column":8},"end":{"line":66,"column":9}},"type":"if","locations":[{"start":{"line":64,"column":8},"end":{"line":66,"column":9}},{"start":{},"end":{}}],"line":64},"8":{"loc":{"start":{"line":64,"column":12},"end":{"line":64,"column":41}},"type":"binary-expr","locations":[{"start":{"line":64,"column":12},"end":{"line":64,"column":25}},{"start":{"line":64,"column":29},"end":{"line":64,"column":41}}],"line":64},"9":{"loc":{"start":{"line":71,"column":23},"end":{"line":71,"column":41}},"type":"binary-expr","locations":[{"start":{"line":71,"column":23},"end":{"line":71,"column":32}},{"start":{"line":71,"column":36},"end":{"line":71,"column":41}}],"line":71},"10":{"loc":{"start":{"line":73,"column":25},"end":{"line":73,"column":42}},"type":"binary-expr","locations":[{"start":{"line":73,"column":25},"end":{"line":73,"column":36}},{"start":{"line":73,"column":40},"end":{"line":73,"column":42}}],"line":73},"11":{"loc":{"start":{"line":74,"column":26},"end":{"line":74,"column":44}},"type":"binary-expr","locations":[{"start":{"line":74,"column":26},"end":{"line":74,"column":38}},{"start":{"line":74,"column":42},"end":{"line":74,"column":44}}],"line":74},"12":{"loc":{"start":{"line":75,"column":25},"end":{"line":75,"column":42}},"type":"binary-expr","locations":[{"start":{"line":75,"column":25},"end":{"line":75,"column":36}},{"start":{"line":75,"column":40},"end":{"line":75,"column":42}}],"line":75},"13":{"loc":{"start":{"line":76,"column":27},"end":{"line":76,"column":46}},"type":"binary-expr","locations":[{"start":{"line":76,"column":27},"end":{"line":76,"column":40}},{"start":{"line":76,"column":44},"end":{"line":76,"column":46}}],"line":76},"14":{"loc":{"start":{"line":77,"column":22},"end":{"line":77,"column":47}},"type":"binary-expr","locations":[{"start":{"line":77,"column":22},"end":{"line":77,"column":30}},{"start":{"line":77,"column":34},"end":{"line":77,"column":47}}],"line":77},"15":{"loc":{"start":{"line":78,"column":28},"end":{"line":78,"column":70}},"type":"binary-expr","locations":[{"start":{"line":78,"column":28},"end":{"line":78,"column":42}},{"start":{"line":78,"column":46},"end":{"line":78,"column":70}}],"line":78},"16":{"loc":{"start":{"line":79,"column":19},"end":{"line":79,"column":30}},"type":"binary-expr","locations":[{"start":{"line":79,"column":19},"end":{"line":79,"column":24}},{"start":{"line":79,"column":28},"end":{"line":79,"column":30}}],"line":79},"17":{"loc":{"start":{"line":80,"column":20},"end":{"line":80,"column":32}},"type":"binary-expr","locations":[{"start":{"line":80,"column":20},"end":{"line":80,"column":26}},{"start":{"line":80,"column":30},"end":{"line":80,"column":32}}],"line":80},"18":{"loc":{"start":{"line":83,"column":25},"end":{"line":83,"column":45}},"type":"binary-expr","locations":[{"start":{"line":83,"column":25},"end":{"line":83,"column":39}},{"start":{"line":83,"column":43},"end":{"line":83,"column":45}}],"line":83},"19":{"loc":{"start":{"line":104,"column":8},"end":{"line":113,"column":9}},"type":"if","locations":[{"start":{"line":104,"column":8},"end":{"line":113,"column":9}},{"start":{},"end":{}}],"line":104},"20":{"loc":{"start":{"line":114,"column":8},"end":{"line":116,"column":9}},"type":"if","locations":[{"start":{"line":114,"column":8},"end":{"line":116,"column":9}},{"start":{},"end":{}}],"line":114},"21":{"loc":{"start":{"line":117,"column":8},"end":{"line":119,"column":9}},"type":"if","locations":[{"start":{"line":117,"column":8},"end":{"line":119,"column":9}},{"start":{},"end":{}}],"line":117},"22":{"loc":{"start":{"line":120,"column":8},"end":{"line":122,"column":9}},"type":"if","locations":[{"start":{"line":120,"column":8},"end":{"line":122,"column":9}},{"start":{},"end":{}}],"line":120},"23":{"loc":{"start":{"line":123,"column":8},"end":{"line":125,"column":9}},"type":"if","locations":[{"start":{"line":123,"column":8},"end":{"line":125,"column":9}},{"start":{},"end":{}}],"line":123},"24":{"loc":{"start":{"line":126,"column":8},"end":{"line":134,"column":9}},"type":"if","locations":[{"start":{"line":126,"column":8},"end":{"line":134,"column":9}},{"start":{},"end":{}}],"line":126},"25":{"loc":{"start":{"line":136,"column":22},"end":{"line":136,"column":91}},"type":"cond-expr","locations":[{"start":{"line":136,"column":49},"end":{"line":136,"column":72}},{"start":{"line":136,"column":75},"end":{"line":136,"column":91}}],"line":136},"26":{"loc":{"start":{"line":175,"column":8},"end":{"line":175,"column":85}},"type":"if","locations":[{"start":{"line":175,"column":8},"end":{"line":175,"column":85}},{"start":{},"end":{}}],"line":175},"27":{"loc":{"start":{"line":185,"column":8},"end":{"line":187,"column":9}},"type":"if","locations":[{"start":{"line":185,"column":8},"end":{"line":187,"column":9}},{"start":{},"end":{}}],"line":185},"28":{"loc":{"start":{"line":189,"column":8},"end":{"line":191,"column":9}},"type":"if","locations":[{"start":{"line":189,"column":8},"end":{"line":191,"column":9}},{"start":{},"end":{}}],"line":189},"29":{"loc":{"start":{"line":193,"column":8},"end":{"line":200,"column":9}},"type":"if","locations":[{"start":{"line":193,"column":8},"end":{"line":200,"column":9}},{"start":{},"end":{}}],"line":193},"30":{"loc":{"start":{"line":193,"column":12},"end":{"line":193,"column":55}},"type":"binary-expr","locations":[{"start":{"line":193,"column":12},"end":{"line":193,"column":26}},{"start":{"line":193,"column":30},"end":{"line":193,"column":55}}],"line":193},"31":{"loc":{"start":{"line":196,"column":16},"end":{"line":198,"column":17}},"type":"if","locations":[{"start":{"line":196,"column":16},"end":{"line":198,"column":17}},{"start":{},"end":{}}],"line":196}},"s":{"0":5,"1":5,"2":5,"3":5,"4":5,"5":5,"6":5,"7":5,"8":5,"9":0,"10":5,"11":0,"12":0,"13":0,"14":5,"15":0,"16":0,"17":0,"18":0,"19":0,"20":0,"21":5,"22":0,"23":0,"24":0,"25":0,"26":0,"27":0,"28":0,"29":0,"30":5,"31":19,"32":19,"33":19,"34":1,"35":18,"36":0,"37":18,"38":18,"39":18,"40":0,"41":0,"42":5,"43":4,"44":4,"45":4,"46":4,"47":3,"48":4,"49":2,"50":4,"51":0,"52":4,"53":0,"54":4,"55":0,"56":4,"57":0,"58":4,"59":4,"60":4,"61":0,"62":0,"63":5,"64":0,"65":0,"66":0,"67":0,"68":5,"69":0,"70":0,"71":0,"72":0,"73":5,"74":2,"75":2,"76":2,"77":0,"78":2,"79":0,"80":5,"81":0,"82":0,"83":0,"84":0,"85":0,"86":0,"87":0,"88":0,"89":0,"90":0,"91":0,"92":0,"93":0,"94":0,"95":5},"f":{"0":0,"1":0,"2":0,"3":0,"4":0,"5":19,"6":4,"7":0,"8":0,"9":2,"10":0,"11":0},"b":{"0":[0,5],"1":[0,0],"2":[0,0],"3":[0,0],"4":[0,0],"5":[1,18],"6":[19,19,18],"7":[0,18],"8":[18,18],"9":[18,0],"10":[18,18],"11":[18,0],"12":[18,0],"13":[18,18],"14":[18,18],"15":[18,18],"16":[18,18],"17":[18,0],"18":[18,0],"19":[3,1],"20":[2,2],"21":[0,4],"22":[0,4],"23":[0,4],"24":[0,4],"25":[4,0],"26":[0,2],"27":[0,0],"28":[0,0],"29":[0,0],"30":[0,0],"31":[0,0]},"_coverageSchema":"1a1c01bbd47fc00a2c39e90264f33305004495a9","hash":"48667559abadf4960aaca7fdf5334d9e5d72d9d5"}
,"C:\\Users\\pasan\\Desktop\\spareHubLk\\backend\\routes\\reviews.js": {"path":"C:\\Users\\pasan\\Desktop\\spareHubLk\\backend\\routes\\reviews.js","statementMap":{"0":{"start":{"line":1,"column":16},"end":{"line":1,"column":34}},"1":{"start":{"line":2,"column":15},"end":{"line":2,"column":42}},"2":{"start":{"line":3,"column":16},"end":{"line":3,"column":44}},"3":{"start":{"line":4,"column":24},"end":{"line":4,"column":53}},"4":{"start":{"line":6,"column":15},"end":{"line":6,"column":31}},"5":{"start":{"line":9,"column":0},"end":{"line":19,"column":3}},"6":{"start":{"line":10,"column":4},"end":{"line":18,"column":5}},"7":{"start":{"line":11,"column":24},"end":{"line":13,"column":36}},"8":{"start":{"line":14,"column":8},"end":{"line":14,"column":26}},"9":{"start":{"line":16,"column":8},"end":{"line":16,"column":49}},"10":{"start":{"line":17,"column":8},"end":{"line":17,"column":76}},"11":{"start":{"line":22,"column":0},"end":{"line":74,"column":3}},"12":{"start":{"line":23,"column":4},"end":{"line":73,"column":5}},"13":{"start":{"line":24,"column":36},"end":{"line":24,"column":44}},"14":{"start":{"line":25,"column":26},"end":{"line":25,"column":46}},"15":{"start":{"line":27,"column":8},"end":{"line":29,"column":9}},"16":{"start":{"line":28,"column":12},"end":{"line":28,"column":89}},"17":{"start":{"line":30,"column":8},"end":{"line":32,"column":9}},"18":{"start":{"line":31,"column":12},"end":{"line":31,"column":88}},"19":{"start":{"line":34,"column":24},"end":{"line":34,"column":57}},"20":{"start":{"line":35,"column":8},"end":{"line":37,"column":9}},"21":{"start":{"line":36,"column":12},"end":{"line":36,"column":75}},"22":{"start":{"line":40,"column":8},"end":{"line":42,"column":9}},"23":{"start":{"line":41,"column":12},"end":{"line":41,"column":92}},"24":{"start":{"line":44,"column":23},"end":{"line":50,"column":10}},"25":{"start":{"line":52,"column":8},"end":{"line":52,"column":28}},"26":{"start":{"line":55,"column":22},"end":{"line":58,"column":10}},"27":{"start":{"line":60,"column":8},"end":{"line":64,"column":9}},"28":{"start":{"line":61,"column":12},"end":{"line":61,"column":77}},"29":{"start":{"line":62,"column":12},"end":{"line":62,"column":49}},"30":{"start":{"line":63,"column":12},"end":{"line":63,"column":33}},"31":{"start":{"line":66,"column":8},"end":{"line":66,"column":80}},"32":{"start":{"line":68,"column":8},"end":{"line":70,"column":9}},"33":{"start":{"line":69,"column":12},"end":{"line":69,"column":96}},"34":{"start":{"line":71,"column":8},"end":{"line":71,"column":48}},"35":{"start":{"line":72,"column":8},"end":{"line":72,"column":73}},"36":{"start":{"line":77,"column":0},"end":{"line":114,"column":3}},"37":{"start":{"line":78,"column":4},"end":{"line":113,"column":5}},"38":{"start":{"line":79,"column":23},"end":{"line":79,"column":65}},"39":{"start":{"line":80,"column":8},"end":{"line":82,"column":9}},"40":{"start":{"line":81,"column":12},"end":{"line":81,"column":74}},"41":{"start":{"line":85,"column":8},"end":{"line":87,"column":9}},"42":{"start":{"line":86,"column":12},"end":{"line":86,"column":94}},"43":{"start":{"line":89,"column":26},"end":{"line":89,"column":40}},"44":{"start":{"line":90,"column":8},"end":{"line":90,"column":33}},"45":{"start":{"line":93,"column":24},"end":{"line":93,"column":57}},"46":{"start":{"line":94,"column":8},"end":{"line":107,"column":9}},"47":{"start":{"line":95,"column":26},"end":{"line":98,"column":14}},"48":{"start":{"line":99,"column":12},"end":{"line":105,"column":13}},"49":{"start":{"line":100,"column":16},"end":{"line":100,"column":81}},"50":{"start":{"line":101,"column":16},"end":{"line":101,"column":53}},"51":{"start":{"line":103,"column":16},"end":{"line":103,"column":42}},"52":{"start":{"line":104,"column":16},"end":{"line":104,"column":40}},"53":{"start":{"line":106,"column":12},"end":{"line":106,"column":33}},"54":{"start":{"line":109,"column":8},"end":{"line":109,"column":62}},"55":{"start":{"line":111,"column":8},"end":{"line":111,"column":51}},"56":{"start":{"line":112,"column":8},"end":{"line":112,"column":75}},"57":{"start":{"line":116,"column":0},"end":{"line":116,"column":24}}},"fnMap":{"0":{"name":"(anonymous_0)","decl":{"start":{"line":9,"column":26},"end":{"line":9,"column":27}},"loc":{"start":{"line":9,"column":46},"end":{"line":19,"column":1}},"line":9},"1":{"name":"(anonymous_1)","decl":{"start":{"line":22,"column":40},"end":{"line":22,"column":41}},"loc":{"start":{"line":22,"column":60},"end":{"line":74,"column":1}},"line":22},"2":{"name":"(anonymous_2)","decl":{"start":{"line":77,"column":41},"end":{"line":77,"column":42}},"loc":{"start":{"line":77,"column":61},"end":{"line":114,"column":1}},"line":77}},"branchMap":{"0":{"loc":{"start":{"line":27,"column":8},"end":{"line":29,"column":9}},"type":"if","locations":[{"start":{"line":27,"column":8},"end":{"line":29,"column":9}},{"start":{},"end":{}}],"line":27},"1":{"loc":{"start":{"line":27,"column":12},"end":{"line":27,"column":31}},"type":"binary-expr","locations":[{"start":{"line":27,"column":12},"end":{"line":27,"column":19}},{"start":{"line":27,"column":23},"end":{"line":27,"column":31}}],"line":27},"2":{"loc":{"start":{"line":30,"column":8},"end":{"line":32,"column":9}},"type":"if","locations":[{"start":{"line":30,"column":8},"end":{"line":32,"column":9}},{"start":{},"end":{}}],"line":30},"3":{"loc":{"start":{"line":30,"column":12},"end":{"line":30,"column":36}},"type":"binary-expr","locations":[{"start":{"line":30,"column":12},"end":{"line":30,"column":22}},{"start":{"line":30,"column":26},"end":{"line":30,"column":36}}],"line":30},"4":{"loc":{"start":{"line":35,"column":8},"end":{"line":37,"column":9}},"type":"if","locations":[{"start":{"line":35,"column":8},"end":{"line":37,"column":9}},{"start":{},"end":{}}],"line":35},"5":{"loc":{"start":{"line":40,"column":8},"end":{"line":42,"column":9}},"type":"if","locations":[{"start":{"line":40,"column":8},"end":{"line":42,"column":9}},{"start":{},"end":{}}],"line":40},"6":{"loc":{"start":{"line":60,"column":8},"end":{"line":64,"column":9}},"type":"if","locations":[{"start":{"line":60,"column":8},"end":{"line":64,"column":9}},{"start":{},"end":{}}],"line":60},"7":{"loc":{"start":{"line":68,"column":8},"end":{"line":70,"column":9}},"type":"if","locations":[{"start":{"line":68,"column":8},"end":{"line":70,"column":9}},{"start":{},"end":{}}],"line":68},"8":{"loc":{"start":{"line":80,"column":8},"end":{"line":82,"column":9}},"type":"if","locations":[{"start":{"line":80,"column":8},"end":{"line":82,"column":9}},{"start":{},"end":{}}],"line":80},"9":{"loc":{"start":{"line":85,"column":8},"end":{"line":87,"column":9}},"type":"if","locations":[{"start":{"line":85,"column":8},"end":{"line":87,"column":9}},{"start":{},"end":{}}],"line":85},"10":{"loc":{"start":{"line":85,"column":12},"end":{"line":85,"column":79}},"type":"binary-expr","locations":[{"start":{"line":85,"column":12},"end":{"line":85,"column":50}},{"start":{"line":85,"column":54},"end":{"line":85,"column":79}}],"line":85},"11":{"loc":{"start":{"line":94,"column":8},"end":{"line":107,"column":9}},"type":"if","locations":[{"start":{"line":94,"column":8},"end":{"line":107,"column":9}},{"start":{},"end":{}}],"line":94},"12":{"loc":{"start":{"line":99,"column":12},"end":{"line":105,"column":13}},"type":"if","locations":[{"start":{"line":99,"column":12},"end":{"line":105,"column":13}},{"start":{"line":102,"column":19},"end":{"line":105,"column":13}}],"line":99}},"s":{"0":5,"1":5,"2":5,"3":5,"4":5,"5":5,"6":1,"7":1,"8":1,"9":0,"10":0,"11":5,"12":6,"13":6,"14":6,"15":6,"16":0,"17":6,"18":0,"19":6,"20":6,"21":0,"22":6,"23":1,"24":5,"25":5,"26":4,"27":4,"28":4,"29":4,"30":4,"31":4,"32":1,"33":1,"34":0,"35":0,"36":5,"37":1,"38":1,"39":1,"40":0,"41":1,"42":0,"43":1,"44":1,"45":1,"46":1,"47":1,"48":1,"49":0,"50":0,"51":1,"52":1,"53":1,"54":1,"55":0,"56":0,"57":5},"f":{"0":1,"1":6,"2":1},"b":{"0":[0,6],"1":[6,6],"2":[0,6],"3":[6,6],"4":[0,6],"5":[1,5],"6":[4,0],"7":[1,0],"8":[0,1],"9":[0,1],"10":[1,0],"11":[1,0],"12":[0,1]},"_coverageSchema":"1a1c01bbd47fc00a2c39e90264f33305004495a9","hash":"0bdf7cd87753cbcfa2f15699df9c0c12ac901f9f"}
,"C:\\Users\\pasan\\Desktop\\spareHubLk\\backend\\routes\\sellerReviews.js": {"path":"C:\\Users\\pasan\\Desktop\\spareHubLk\\backend\\routes\\sellerReviews.js","statementMap":{"0":{"start":{"line":1,"column":16},"end":{"line":1,"column":34}},"1":{"start":{"line":2,"column":21},"end":{"line":2,"column":54}},"2":{"start":{"line":3,"column":13},"end":{"line":3,"column":38}},"3":{"start":{"line":4,"column":24},"end":{"line":4,"column":53}},"4":{"start":{"line":6,"column":15},"end":{"line":6,"column":31}},"5":{"start":{"line":9,"column":0},"end":{"line":19,"column":3}},"6":{"start":{"line":10,"column":4},"end":{"line":18,"column":5}},"7":{"start":{"line":11,"column":24},"end":{"line":13,"column":36}},"8":{"start":{"line":14,"column":8},"end":{"line":14,"column":26}},"9":{"start":{"line":16,"column":8},"end":{"line":16,"column":56}},"10":{"start":{"line":17,"column":8},"end":{"line":17,"column":76}},"11":{"start":{"line":22,"column":0},"end":{"line":42,"column":3}},"12":{"start":{"line":23,"column":4},"end":{"line":41,"column":5}},"13":{"start":{"line":24,"column":22},"end":{"line":33,"column":10}},"14":{"start":{"line":34,"column":8},"end":{"line":37,"column":11}},"15":{"start":{"line":39,"column":8},"end":{"line":39,"column":61}},"16":{"start":{"line":40,"column":8},"end":{"line":40,"column":59}},"17":{"start":{"line":45,"column":0},"end":{"line":89,"column":3}},"18":{"start":{"line":46,"column":4},"end":{"line":88,"column":5}},"19":{"start":{"line":47,"column":36},"end":{"line":47,"column":44}},"20":{"start":{"line":48,"column":25},"end":{"line":48,"column":44}},"21":{"start":{"line":50,"column":8},"end":{"line":52,"column":9}},"22":{"start":{"line":51,"column":12},"end":{"line":51,"column":89}},"23":{"start":{"line":53,"column":8},"end":{"line":55,"column":9}},"24":{"start":{"line":54,"column":12},"end":{"line":54,"column":88}},"25":{"start":{"line":58,"column":8},"end":{"line":60,"column":9}},"26":{"start":{"line":59,"column":12},"end":{"line":59,"column":84}},"27":{"start":{"line":62,"column":23},"end":{"line":62,"column":52}},"28":{"start":{"line":63,"column":8},"end":{"line":65,"column":9}},"29":{"start":{"line":64,"column":12},"end":{"line":64,"column":74}},"30":{"start":{"line":67,"column":23},"end":{"line":74,"column":10}},"31":{"start":{"line":76,"column":8},"end":{"line":76,"column":28}},"32":{"start":{"line":78,"column":26},"end":{"line":79,"column":48}},"33":{"start":{"line":81,"column":8},"end":{"line":81,"column":78}},"34":{"start":{"line":83,"column":8},"end":{"line":85,"column":9}},"35":{"start":{"line":84,"column":12},"end":{"line":84,"column":95}},"36":{"start":{"line":86,"column":8},"end":{"line":86,"column":55}},"37":{"start":{"line":87,"column":8},"end":{"line":87,"column":73}},"38":{"start":{"line":92,"column":0},"end":{"line":107,"column":3}},"39":{"start":{"line":93,"column":4},"end":{"line":106,"column":5}},"40":{"start":{"line":94,"column":23},"end":{"line":94,"column":71}},"41":{"start":{"line":95,"column":8},"end":{"line":97,"column":9}},"42":{"start":{"line":96,"column":12},"end":{"line":96,"column":74}},"43":{"start":{"line":98,"column":8},"end":{"line":100,"column":9}},"44":{"start":{"line":99,"column":12},"end":{"line":99,"column":72}},"45":{"start":{"line":101,"column":8},"end":{"line":101,"column":33}},"46":{"start":{"line":102,"column":8},"end":{"line":102,"column":49}},"47":{"start":{"line":104,"column":8},"end":{"line":104,"column":58}},"48":{"start":{"line":105,"column":8},"end":{"line":105,"column":59}},"49":{"start":{"line":109,"column":0},"end":{"line":109,"column":24}}},"fnMap":{"0":{"name":"(anonymous_0)","decl":{"start":{"line":9,"column":25},"end":{"line":9,"column":26}},"loc":{"start":{"line":9,"column":45},"end":{"line":19,"column":1}},"line":9},"1":{"name":"(anonymous_1)","decl":{"start":{"line":22,"column":31},"end":{"line":22,"column":32}},"loc":{"start":{"line":22,"column":51},"end":{"line":42,"column":1}},"line":22},"2":{"name":"(anonymous_2)","decl":{"start":{"line":45,"column":39},"end":{"line":45,"column":40}},"loc":{"start":{"line":45,"column":59},"end":{"line":89,"column":1}},"line":45},"3":{"name":"(anonymous_3)","decl":{"start":{"line":92,"column":41},"end":{"line":92,"column":42}},"loc":{"start":{"line":92,"column":61},"end":{"line":107,"column":1}},"line":92}},"branchMap":{"0":{"loc":{"start":{"line":35,"column":19},"end":{"line":35,"column":39}},"type":"binary-expr","locations":[{"start":{"line":35,"column":19},"end":{"line":35,"column":34}},{"start":{"line":35,"column":38},"end":{"line":35,"column":39}}],"line":35},"1":{"loc":{"start":{"line":36,"column":23},"end":{"line":36,"column":89}},"type":"cond-expr","locations":[{"start":{"line":36,"column":45},"end":{"line":36,"column":85}},{"start":{"line":36,"column":88},"end":{"line":36,"column":89}}],"line":36},"2":{"loc":{"start":{"line":50,"column":8},"end":{"line":52,"column":9}},"type":"if","locations":[{"start":{"line":50,"column":8},"end":{"line":52,"column":9}},{"start":{},"end":{}}],"line":50},"3":{"loc":{"start":{"line":50,"column":12},"end":{"line":50,"column":31}},"type":"binary-expr","locations":[{"start":{"line":50,"column":12},"end":{"line":50,"column":19}},{"start":{"line":50,"column":23},"end":{"line":50,"column":31}}],"line":50},"4":{"loc":{"start":{"line":53,"column":8},"end":{"line":55,"column":9}},"type":"if","locations":[{"start":{"line":53,"column":8},"end":{"line":55,"column":9}},{"start":{},"end":{}}],"line":53},"5":{"loc":{"start":{"line":53,"column":12},"end":{"line":53,"column":36}},"type":"binary-expr","locations":[{"start":{"line":53,"column":12},"end":{"line":53,"column":22}},{"start":{"line":53,"column":26},"end":{"line":53,"column":36}}],"line":53},"6":{"loc":{"start":{"line":58,"column":8},"end":{"line":60,"column":9}},"type":"if","locations":[{"start":{"line":58,"column":8},"end":{"line":60,"column":9}},{"start":{},"end":{}}],"line":58},"7":{"loc":{"start":{"line":63,"column":8},"end":{"line":65,"column":9}},"type":"if","locations":[{"start":{"line":63,"column":8},"end":{"line":65,"column":9}},{"start":{},"end":{}}],"line":63},"8":{"loc":{"start":{"line":71,"column":28},"end":{"line":71,"column":51}},"type":"binary-expr","locations":[{"start":{"line":71,"column":28},"end":{"line":71,"column":43}},{"start":{"line":71,"column":47},"end":{"line":71,"column":51}}],"line":71},"9":{"loc":{"start":{"line":83,"column":8},"end":{"line":85,"column":9}},"type":"if","locations":[{"start":{"line":83,"column":8},"end":{"line":85,"column":9}},{"start":{},"end":{}}],"line":83},"10":{"loc":{"start":{"line":95,"column":8},"end":{"line":97,"column":9}},"type":"if","locations":[{"start":{"line":95,"column":8},"end":{"line":97,"column":9}},{"start":{},"end":{}}],"line":95},"11":{"loc":{"start":{"line":98,"column":8},"end":{"line":100,"column":9}},"type":"if","locations":[{"start":{"line":98,"column":8},"end":{"line":100,"column":9}},{"start":{},"end":{}}],"line":98},"12":{"loc":{"start":{"line":98,"column":12},"end":{"line":98,"column":83}},"type":"binary-expr","locations":[{"start":{"line":98,"column":12},"end":{"line":98,"column":54}},{"start":{"line":98,"column":58},"end":{"line":98,"column":83}}],"line":98}},"s":{"0":5,"1":5,"2":5,"3":5,"4":5,"5":5,"6":0,"7":0,"8":0,"9":0,"10":0,"11":5,"12":0,"13":0,"14":0,"15":0,"16":0,"17":5,"18":2,"19":2,"20":2,"21":2,"22":0,"23":2,"24":0,"25":2,"26":1,"27":1,"28":1,"29":0,"30":1,"31":1,"32":1,"33":1,"34":0,"35":0,"36":0,"37":0,"38":5,"39":0,"40":0,"41":0,"42":0,"43":0,"44":0,"45":0,"46":0,"47":0,"48":0,"49":5},"f":{"0":0,"1":0,"2":2,"3":0},"b":{"0":[0,0],"1":[0,0],"2":[0,2],"3":[2,2],"4":[0,2],"5":[2,2],"6":[1,1],"7":[0,1],"8":[1,1],"9":[0,0],"10":[0,0],"11":[0,0],"12":[0,0]},"_coverageSchema":"1a1c01bbd47fc00a2c39e90264f33305004495a9","hash":"fa7fb598a6e7091701e450fc62765c3d4de60f3a"}
}
