TN:
SF:middleware\auth.js
FN:4,(anonymous_0)
FNF:1
FNH:1
FNDA:50,(anonymous_0)
DA:1,5
DA:2,5
DA:4,5
DA:5,50
DA:6,50
DA:8,50
DA:9,3
DA:12,47
DA:13,47
DA:16,44
DA:17,44
DA:18,1
DA:22,43
DA:31,43
DA:33,3
DA:37,5
LF:16
LH:16
BRDA:6,0,0,50
BRDA:6,0,1,47
BRDA:8,1,0,3
BRDA:8,1,1,47
BRDA:17,2,0,1
BRDA:17,2,1,43
BRF:6
BRH:6
end_of_record
TN:
SF:models\FeaturedSeller.js
FNF:0
FNH:0
DA:1,5
DA:3,5
DA:16,5
DA:18,5
LF:4
LH:4
BRF:0
BRH:0
end_of_record
TN:
SF:models\PlatformFeedback.js
FNF:0
FNH:0
DA:1,5
DA:3,5
DA:37,5
DA:39,5
LF:4
LH:4
BRF:0
BRH:0
end_of_record
TN:
SF:models\PremiumUser.js
FNF:0
FNH:0
DA:1,5
DA:3,5
DA:59,5
LF:3
LH:3
BRF:0
BRH:0
end_of_record
TN:
SF:models\Product.js
FNF:0
FNH:0
DA:1,5
DA:3,5
DA:32,5
LF:3
LH:3
BRF:0
BRH:0
end_of_record
TN:
SF:models\Review.js
FNF:0
FNH:0
DA:1,5
DA:3,5
DA:33,5
DA:35,5
LF:4
LH:4
BRF:0
BRH:0
end_of_record
TN:
SF:models\SellerReview.js
FNF:0
FNH:0
DA:1,5
DA:3,5
DA:37,5
DA:39,5
LF:4
LH:4
BRF:0
BRH:0
end_of_record
TN:
SF:models\User.js
FNF:0
FNH:0
DA:1,5
DA:3,5
DA:88,5
LF:3
LH:3
BRF:0
BRH:0
end_of_record
TN:
SF:routes\auth.js
FN:15,(anonymous_0)
FN:22,(anonymous_1)
FN:31,(anonymous_2)
FN:83,(anonymous_3)
FN:135,(anonymous_4)
FN:148,(anonymous_5)
FN:193,(anonymous_6)
FN:231,(anonymous_7)
FN:259,(anonymous_8)
FN:287,(anonymous_9)
FN:301,(anonymous_10)
FN:322,(anonymous_11)
FNF:12
FNH:6
FNDA:0,(anonymous_0)
FNDA:53,(anonymous_1)
FNDA:55,(anonymous_2)
FNDA:2,(anonymous_3)
FNDA:1,(anonymous_4)
FNDA:1,(anonymous_5)
FNDA:0,(anonymous_6)
FNDA:0,(anonymous_7)
FNDA:0,(anonymous_8)
FNDA:4,(anonymous_9)
FNDA:0,(anonymous_10)
FNDA:0,(anonymous_11)
DA:1,5
DA:2,5
DA:3,5
DA:4,5
DA:5,5
DA:6,5
DA:7,5
DA:9,5
DA:12,5
DA:16,0
DA:17,0
DA:22,5
DA:23,53
DA:31,5
DA:32,55
DA:33,55
DA:35,55
DA:36,1
DA:40,54
DA:41,53
DA:42,1
DA:46,52
DA:47,52
DA:49,52
DA:57,52
DA:59,52
DA:61,52
DA:77,1
DA:78,1
DA:83,5
DA:84,2
DA:85,2
DA:87,2
DA:88,0
DA:91,2
DA:92,2
DA:96,2
DA:97,2
DA:98,0
DA:101,2
DA:102,2
DA:103,1
DA:106,1
DA:108,1
DA:129,0
DA:130,0
DA:135,5
DA:136,1
DA:137,1
DA:138,1
DA:139,0
DA:141,1
DA:143,0
DA:148,5
DA:149,1
DA:150,1
DA:152,1
DA:153,1
DA:154,1
DA:155,1
DA:156,1
DA:157,1
DA:159,1
DA:165,1
DA:166,0
DA:169,1
DA:187,0
DA:188,0
DA:193,5
DA:194,0
DA:195,0
DA:196,0
DA:200,0
DA:201,0
DA:203,0
DA:209,0
DA:211,0
DA:225,0
DA:226,0
DA:231,5
DA:232,0
DA:233,0
DA:234,0
DA:237,0
DA:238,0
DA:240,0
DA:246,0
DA:248,0
DA:253,0
DA:254,0
DA:259,5
DA:260,0
DA:261,0
DA:262,0
DA:265,0
DA:266,0
DA:268,0
DA:274,0
DA:276,0
DA:281,0
DA:282,0
DA:287,5
DA:288,4
DA:289,4
DA:290,2
DA:292,2
DA:293,2
DA:295,0
DA:296,0
DA:301,5
DA:302,0
DA:303,0
DA:304,0
DA:306,0
DA:307,0
DA:308,0
DA:311,0
DA:312,0
DA:313,0
DA:314,0
DA:316,0
DA:317,0
DA:322,5
DA:323,0
DA:324,0
DA:326,0
DA:327,0
DA:330,0
DA:345,0
DA:347,0
DA:359,0
DA:360,0
DA:364,5
LF:133
LH:69
BRDA:16,0,0,0
BRDA:16,0,1,0
BRDA:35,1,0,1
BRDA:35,1,1,54
BRDA:35,2,0,55
BRDA:35,2,1,55
BRDA:35,2,2,54
BRDA:35,2,3,54
BRDA:41,3,0,1
BRDA:41,3,1,52
BRDA:54,4,0,52
BRDA:54,4,1,0
BRDA:71,5,0,52
BRDA:71,5,1,52
BRDA:87,6,0,0
BRDA:87,6,1,2
BRDA:87,7,0,2
BRDA:87,7,1,2
BRDA:92,8,0,2
BRDA:92,8,1,0
BRDA:97,9,0,0
BRDA:97,9,1,2
BRDA:102,10,0,1
BRDA:102,10,1,1
BRDA:118,11,0,1
BRDA:118,11,1,1
BRDA:138,12,0,0
BRDA:138,12,1,1
BRDA:153,13,0,1
BRDA:153,13,1,0
BRDA:154,14,0,1
BRDA:154,14,1,0
BRDA:155,15,0,0
BRDA:155,15,1,1
BRDA:156,16,0,0
BRDA:156,16,1,1
BRDA:157,17,0,0
BRDA:157,17,1,1
BRDA:165,18,0,0
BRDA:165,18,1,1
BRDA:195,19,0,0
BRDA:195,19,1,0
BRDA:209,20,0,0
BRDA:209,20,1,0
BRDA:226,21,0,0
BRDA:226,21,1,0
BRDA:233,22,0,0
BRDA:233,22,1,0
BRDA:246,23,0,0
BRDA:246,23,1,0
BRDA:254,24,0,0
BRDA:254,24,1,0
BRDA:261,25,0,0
BRDA:261,25,1,0
BRDA:274,26,0,0
BRDA:274,26,1,0
BRDA:282,27,0,0
BRDA:282,27,1,0
BRDA:289,28,0,2
BRDA:289,28,1,2
BRDA:303,29,0,0
BRDA:303,29,1,0
BRDA:307,30,0,0
BRDA:307,30,1,0
BRDA:326,31,0,0
BRDA:326,31,1,0
BRDA:326,32,0,0
BRDA:326,32,1,0
BRDA:326,32,2,0
BRDA:326,32,3,0
BRDA:326,32,4,0
BRDA:345,33,0,0
BRDA:345,33,1,0
BRF:73
BRH:29
end_of_record
TN:
SF:routes\featuredSellers.js
FN:9,(anonymous_0)
FN:15,(anonymous_1)
FN:36,(anonymous_2)
FN:83,(anonymous_3)
FNF:4
FNH:0
FNDA:0,(anonymous_0)
FNDA:0,(anonymous_1)
FNDA:0,(anonymous_2)
FNDA:0,(anonymous_3)
DA:1,5
DA:2,5
DA:3,5
DA:4,5
DA:6,5
DA:9,5
DA:10,0
DA:11,0
DA:15,0
DA:28,0
DA:30,0
DA:31,0
DA:36,5
DA:37,0
DA:38,0
DA:39,0
DA:42,0
DA:43,0
DA:44,0
DA:48,0
DA:49,0
DA:50,0
DA:52,0
DA:53,0
DA:56,0
DA:57,0
DA:58,0
DA:60,0
DA:74,0
DA:75,0
DA:77,0
DA:78,0
DA:83,5
DA:84,0
DA:85,0
DA:86,0
DA:89,0
DA:90,0
DA:91,0
DA:94,0
DA:96,0
DA:97,0
DA:101,5
LF:43
LH:9
BRDA:38,0,0,0
BRDA:38,0,1,0
BRDA:43,1,0,0
BRDA:43,1,1,0
BRDA:49,2,0,0
BRDA:49,2,1,0
BRDA:52,3,0,0
BRDA:52,3,1,0
BRDA:74,4,0,0
BRDA:74,4,1,0
BRDA:85,5,0,0
BRDA:85,5,1,0
BRDA:90,6,0,0
BRDA:90,6,1,0
BRF:14
BRH:0
end_of_record
TN:
SF:routes\platformFeedback.js
FN:9,(anonymous_0)
FN:23,(anonymous_1)
FN:40,(anonymous_2)
FN:49,(anonymous_3)
FN:84,(anonymous_4)
FNF:5
FNH:0
FNDA:0,(anonymous_0)
FNDA:0,(anonymous_1)
FNDA:0,(anonymous_2)
FNDA:0,(anonymous_3)
FNDA:0,(anonymous_4)
DA:1,5
DA:2,5
DA:3,5
DA:4,5
DA:6,5
DA:9,5
DA:10,0
DA:11,0
DA:15,0
DA:17,0
DA:18,0
DA:23,5
DA:24,0
DA:25,0
DA:34,0
DA:37,0
DA:40,0
DA:43,0
DA:44,0
DA:49,5
DA:50,0
DA:51,0
DA:52,0
DA:53,0
DA:55,0
DA:56,0
DA:59,0
DA:68,0
DA:70,0
DA:73,0
DA:75,0
DA:76,0
DA:78,0
DA:79,0
DA:84,5
DA:85,0
DA:86,0
DA:87,0
DA:88,0
DA:90,0
DA:91,0
DA:93,0
DA:94,0
DA:96,0
DA:97,0
DA:101,5
LF:46
LH:10
BRDA:38,0,0,0
BRDA:38,0,1,0
BRDA:39,1,0,0
BRDA:39,1,1,0
BRDA:52,2,0,0
BRDA:52,2,1,0
BRDA:52,3,0,0
BRDA:52,3,1,0
BRDA:55,4,0,0
BRDA:55,4,1,0
BRDA:55,5,0,0
BRDA:55,5,1,0
BRDA:62,6,0,0
BRDA:62,6,1,0
BRDA:65,7,0,0
BRDA:65,7,1,0
BRDA:75,8,0,0
BRDA:75,8,1,0
BRDA:87,9,0,0
BRDA:87,9,1,0
BRDA:90,10,0,0
BRDA:90,10,1,0
BRDA:90,11,0,0
BRDA:90,11,1,0
BRF:24
BRH:0
end_of_record
TN:
SF:routes\premium.js
FN:9,(anonymous_0)
FN:63,(anonymous_1)
FN:77,(anonymous_2)
FN:88,(anonymous_3)
FN:135,(anonymous_4)
FN:165,(anonymous_5)
FN:193,(anonymous_6)
FNF:7
FNH:4
FNDA:5,(anonymous_0)
FNDA:1,(anonymous_1)
FNDA:0,(anonymous_2)
FNDA:3,(anonymous_3)
FNDA:0,(anonymous_4)
FNDA:0,(anonymous_5)
FNDA:1,(anonymous_6)
DA:1,5
DA:2,5
DA:3,5
DA:4,5
DA:6,5
DA:9,5
DA:10,5
DA:11,5
DA:13,5
DA:14,0
DA:17,5
DA:18,5
DA:19,0
DA:23,5
DA:24,5
DA:25,0
DA:28,5
DA:43,5
DA:46,5
DA:48,5
DA:57,0
DA:58,0
DA:63,5
DA:64,1
DA:65,1
DA:66,1
DA:67,0
DA:69,1
DA:71,0
DA:72,0
DA:77,5
DA:78,0
DA:79,0
DA:80,0
DA:82,0
DA:83,0
DA:88,5
DA:89,3
DA:90,3
DA:91,3
DA:92,0
DA:95,3
DA:101,3
DA:102,0
DA:106,3
DA:107,3
DA:108,2
DA:109,2
DA:111,2
DA:112,2
DA:113,2
DA:114,2
DA:115,2
DA:116,2
DA:117,2
DA:120,1
DA:122,3
DA:124,3
DA:129,0
DA:130,0
DA:135,5
DA:136,0
DA:137,0
DA:139,0
DA:141,0
DA:142,0
DA:148,0
DA:149,0
DA:152,0
DA:157,0
DA:159,0
DA:160,0
DA:165,5
DA:166,0
DA:167,0
DA:168,0
DA:170,0
DA:171,0
DA:172,0
DA:176,0
DA:185,0
DA:187,0
DA:188,0
DA:193,5
DA:194,1
DA:195,1
DA:198,1
DA:199,0
DA:201,1
DA:202,0
DA:204,1
DA:206,0
DA:207,0
DA:211,5
LF:94
LH:52
BRDA:13,0,0,0
BRDA:13,0,1,5
BRDA:13,1,0,5
BRDA:13,1,1,5
BRDA:13,1,2,5
BRDA:13,1,3,5
BRDA:13,1,4,5
BRDA:18,2,0,0
BRDA:18,2,1,5
BRDA:24,3,0,0
BRDA:24,3,1,5
BRDA:66,4,0,0
BRDA:66,4,1,1
BRDA:91,5,0,0
BRDA:91,5,1,3
BRDA:101,6,0,0
BRDA:101,6,1,3
BRDA:107,7,0,2
BRDA:107,7,1,1
BRDA:122,8,0,3
BRDA:122,8,1,0
BRDA:141,9,0,0
BRDA:141,9,1,0
BRDA:148,10,0,0
BRDA:148,10,1,0
BRDA:167,11,0,0
BRDA:167,11,1,0
BRDA:171,12,0,0
BRDA:171,12,1,0
BRDA:198,13,0,0
BRDA:198,13,1,1
BRDA:201,14,0,0
BRDA:201,14,1,1
BRF:33
BRH:16
end_of_record
TN:
SF:routes\products.js
FN:18,(anonymous_0)
FN:21,(anonymous_1)
FN:30,(anonymous_2)
FN:42,(anonymous_3)
FN:47,(anonymous_4)
FN:56,(anonymous_5)
FN:99,(anonymous_6)
FN:147,(anonymous_7)
FN:157,(anonymous_8)
FN:167,(anonymous_9)
FN:183,(anonymous_10)
FN:194,(anonymous_11)
FNF:12
FNH:3
FNDA:0,(anonymous_0)
FNDA:0,(anonymous_1)
FNDA:0,(anonymous_2)
FNDA:0,(anonymous_3)
FNDA:0,(anonymous_4)
FNDA:19,(anonymous_5)
FNDA:4,(anonymous_6)
FNDA:0,(anonymous_7)
FNDA:0,(anonymous_8)
FNDA:2,(anonymous_9)
FNDA:0,(anonymous_10)
FNDA:0,(anonymous_11)
DA:1,5
DA:2,5
DA:3,5
DA:4,5
DA:5,5
DA:6,5
DA:8,5
DA:11,5
DA:12,5
DA:13,0
DA:17,5
DA:19,0
DA:22,0
DA:23,0
DA:27,5
DA:31,0
DA:32,0
DA:33,0
DA:34,0
DA:35,0
DA:37,0
DA:42,5
DA:43,0
DA:44,0
DA:45,0
DA:47,0
DA:48,0
DA:50,0
DA:51,0
DA:56,5
DA:57,19
DA:58,19
DA:60,19
DA:61,1
DA:64,18
DA:65,0
DA:68,18
DA:86,18
DA:88,18
DA:93,0
DA:94,0
DA:99,5
DA:100,4
DA:101,4
DA:102,4
DA:104,4
DA:105,3
DA:114,4
DA:115,2
DA:117,4
DA:118,0
DA:120,4
DA:121,0
DA:123,4
DA:124,0
DA:126,4
DA:127,0
DA:136,4
DA:138,4
DA:139,4
DA:141,0
DA:142,0
DA:147,5
DA:148,0
DA:149,0
DA:150,0
DA:152,0
DA:157,5
DA:158,0
DA:159,0
DA:160,0
DA:162,0
DA:167,5
DA:168,2
DA:169,2
DA:175,2
DA:176,2
DA:178,0
DA:183,5
DA:184,0
DA:185,0
DA:186,0
DA:188,0
DA:189,0
DA:190,0
DA:193,0
DA:194,0
DA:195,0
DA:196,0
DA:197,0
DA:201,0
DA:203,0
DA:204,0
DA:208,5
LF:94
LH:45
BRDA:12,0,0,0
BRDA:12,0,1,5
BRDA:34,1,0,0
BRDA:34,1,1,0
BRDA:34,2,0,0
BRDA:34,2,1,0
BRDA:44,3,0,0
BRDA:44,3,1,0
BRDA:44,4,0,0
BRDA:44,4,1,0
BRDA:60,5,0,1
BRDA:60,5,1,18
BRDA:60,6,0,19
BRDA:60,6,1,19
BRDA:60,6,2,18
BRDA:64,7,0,0
BRDA:64,7,1,18
BRDA:64,8,0,18
BRDA:64,8,1,18
BRDA:71,9,0,18
BRDA:71,9,1,0
BRDA:73,10,0,18
BRDA:73,10,1,18
BRDA:74,11,0,18
BRDA:74,11,1,0
BRDA:75,12,0,18
BRDA:75,12,1,0
BRDA:76,13,0,18
BRDA:76,13,1,18
BRDA:77,14,0,18
BRDA:77,14,1,18
BRDA:78,15,0,18
BRDA:78,15,1,18
BRDA:79,16,0,18
BRDA:79,16,1,18
BRDA:80,17,0,18
BRDA:80,17,1,0
BRDA:83,18,0,18
BRDA:83,18,1,0
BRDA:104,19,0,3
BRDA:104,19,1,1
BRDA:114,20,0,2
BRDA:114,20,1,2
BRDA:117,21,0,0
BRDA:117,21,1,4
BRDA:120,22,0,0
BRDA:120,22,1,4
BRDA:123,23,0,0
BRDA:123,23,1,4
BRDA:126,24,0,0
BRDA:126,24,1,4
BRDA:136,25,0,4
BRDA:136,25,1,0
BRDA:175,26,0,0
BRDA:175,26,1,2
BRDA:185,27,0,0
BRDA:185,27,1,0
BRDA:189,28,0,0
BRDA:189,28,1,0
BRDA:193,29,0,0
BRDA:193,29,1,0
BRDA:193,30,0,0
BRDA:193,30,1,0
BRDA:196,31,0,0
BRDA:196,31,1,0
BRF:65
BRH:34
end_of_record
TN:
SF:routes\reviews.js
FN:9,(anonymous_0)
FN:22,(anonymous_1)
FN:77,(anonymous_2)
FNF:3
FNH:3
FNDA:1,(anonymous_0)
FNDA:6,(anonymous_1)
FNDA:1,(anonymous_2)
DA:1,5
DA:2,5
DA:3,5
DA:4,5
DA:6,5
DA:9,5
DA:10,1
DA:11,1
DA:14,1
DA:16,0
DA:17,0
DA:22,5
DA:23,6
DA:24,6
DA:25,6
DA:27,6
DA:28,0
DA:30,6
DA:31,0
DA:34,6
DA:35,6
DA:36,0
DA:40,6
DA:41,1
DA:44,5
DA:52,5
DA:55,4
DA:60,4
DA:61,4
DA:62,4
DA:63,4
DA:66,4
DA:68,1
DA:69,1
DA:71,0
DA:72,0
DA:77,5
DA:78,1
DA:79,1
DA:80,1
DA:81,0
DA:85,1
DA:86,0
DA:89,1
DA:90,1
DA:93,1
DA:94,1
DA:95,1
DA:99,1
DA:100,0
DA:101,0
DA:103,1
DA:104,1
DA:106,1
DA:109,1
DA:111,0
DA:112,0
DA:116,5
LF:58
LH:45
BRDA:27,0,0,0
BRDA:27,0,1,6
BRDA:27,1,0,6
BRDA:27,1,1,6
BRDA:30,2,0,0
BRDA:30,2,1,6
BRDA:30,3,0,6
BRDA:30,3,1,6
BRDA:35,4,0,0
BRDA:35,4,1,6
BRDA:40,5,0,1
BRDA:40,5,1,5
BRDA:60,6,0,4
BRDA:60,6,1,0
BRDA:68,7,0,1
BRDA:68,7,1,0
BRDA:80,8,0,0
BRDA:80,8,1,1
BRDA:85,9,0,0
BRDA:85,9,1,1
BRDA:85,10,0,1
BRDA:85,10,1,0
BRDA:94,11,0,1
BRDA:94,11,1,0
BRDA:99,12,0,0
BRDA:99,12,1,1
BRF:26
BRH:16
end_of_record
TN:
SF:routes\sellerReviews.js
FN:9,(anonymous_0)
FN:22,(anonymous_1)
FN:45,(anonymous_2)
FN:92,(anonymous_3)
FNF:4
FNH:1
FNDA:0,(anonymous_0)
FNDA:0,(anonymous_1)
FNDA:2,(anonymous_2)
FNDA:0,(anonymous_3)
DA:1,5
DA:2,5
DA:3,5
DA:4,5
DA:6,5
DA:9,5
DA:10,0
DA:11,0
DA:14,0
DA:16,0
DA:17,0
DA:22,5
DA:23,0
DA:24,0
DA:34,0
DA:39,0
DA:40,0
DA:45,5
DA:46,2
DA:47,2
DA:48,2
DA:50,2
DA:51,0
DA:53,2
DA:54,0
DA:58,2
DA:59,1
DA:62,1
DA:63,1
DA:64,0
DA:67,1
DA:76,1
DA:78,1
DA:81,1
DA:83,0
DA:84,0
DA:86,0
DA:87,0
DA:92,5
DA:93,0
DA:94,0
DA:95,0
DA:96,0
DA:98,0
DA:99,0
DA:101,0
DA:102,0
DA:104,0
DA:105,0
DA:109,5
LF:50
LH:23
BRDA:35,0,0,0
BRDA:35,0,1,0
BRDA:36,1,0,0
BRDA:36,1,1,0
BRDA:50,2,0,0
BRDA:50,2,1,2
BRDA:50,3,0,2
BRDA:50,3,1,2
BRDA:53,4,0,0
BRDA:53,4,1,2
BRDA:53,5,0,2
BRDA:53,5,1,2
BRDA:58,6,0,1
BRDA:58,6,1,1
BRDA:63,7,0,0
BRDA:63,7,1,1
BRDA:71,8,0,1
BRDA:71,8,1,1
BRDA:83,9,0,0
BRDA:83,9,1,0
BRDA:95,10,0,0
BRDA:95,10,1,0
BRDA:98,11,0,0
BRDA:98,11,1,0
BRDA:98,12,0,0
BRDA:98,12,1,0
BRF:26
BRH:11
end_of_record
